22:59:51.302 febs [main] INFO  cn.hu.Application - Starting Application on DESKTOP-4ODT231 with PID 564 (E:\masha\ms\target\classes started by googlebrain in E:\masha\ms)
22:59:51.306 febs [main] INFO  cn.hu.Application - No active profile set, falling back to default profiles: default
22:59:51.377 febs [main] INFO  o.s.b.w.s.c.AnnotationConfigServletWebServerApplicationContext - Refreshing org.springframework.boot.web.servlet.context.AnnotationConfigServletWebServerApplicationContext@175b9425: startup date [Sat Feb 16 22:59:51 CST 2019]; root of context hierarchy
22:59:52.113 febs [main] INFO  o.s.b.f.s.DefaultListableBeanFactory - Overriding bean definition for bean 'shiroRealm' with a different definition: replacing [Generic bean: class [cn.hu.common.shiro.ShiroRealm]; scope=singleton; abstract=false; lazyInit=false; autowireMode=0; dependencyCheck=0; autowireCandidate=true; primary=false; factoryBeanName=null; factoryMethodName=null; initMethodName=null; destroyMethodName=null; defined in file [E:\masha\ms\target\classes\cn\hu\common\shiro\ShiroRealm.class]] with [Root bean: class [null]; scope=; abstract=false; lazyInit=false; autowireMode=3; dependencyCheck=0; autowireCandidate=true; primary=false; factoryBeanName=shiroConfig; factoryMethodName=shiroRealm; initMethodName=null; destroyMethodName=(inferred); defined in class path resource [cn/hu/common/shiro/ShiroConfig.class]]
22:59:52.292 febs [main] INFO  o.s.d.r.c.RepositoryConfigurationDelegate - Multiple Spring Data modules found, entering strict repository configuration mode!
22:59:52.580 febs [main] INFO  c.u.j.c.EnableEncryptablePropertiesBeanFactoryPostProcessor - Post-processing PropertySource instances
22:59:52.646 febs [main] INFO  c.u.j.EncryptablePropertySourceConverter - Converting PropertySource configurationProperties [org.springframework.boot.context.properties.source.ConfigurationPropertySourcesPropertySource] to AOP Proxy
22:59:52.647 febs [main] INFO  c.u.j.EncryptablePropertySourceConverter - Converting PropertySource servletConfigInitParams [org.springframework.core.env.PropertySource$StubPropertySource] to EncryptablePropertySourceWrapper
22:59:52.648 febs [main] INFO  c.u.j.EncryptablePropertySourceConverter - Converting PropertySource servletContextInitParams [org.springframework.core.env.PropertySource$StubPropertySource] to EncryptablePropertySourceWrapper
22:59:52.648 febs [main] INFO  c.u.j.EncryptablePropertySourceConverter - Converting PropertySource systemProperties [org.springframework.core.env.MapPropertySource] to EncryptableMapPropertySourceWrapper
22:59:52.648 febs [main] INFO  c.u.j.EncryptablePropertySourceConverter - Converting PropertySource systemEnvironment [org.springframework.boot.env.SystemEnvironmentPropertySourceEnvironmentPostProcessor$OriginAwareSystemEnvironmentPropertySource] to EncryptableMapPropertySourceWrapper
22:59:52.648 febs [main] INFO  c.u.j.EncryptablePropertySourceConverter - Converting PropertySource random [org.springframework.boot.env.RandomValuePropertySource] to EncryptablePropertySourceWrapper
22:59:52.649 febs [main] INFO  c.u.j.EncryptablePropertySourceConverter - Converting PropertySource applicationConfig: [classpath:/application.yml] [org.springframework.boot.env.OriginTrackedMapPropertySource] to EncryptableMapPropertySourceWrapper
22:59:52.704 febs [main] INFO  o.s.c.s.PostProcessorRegistrationDelegate$BeanPostProcessorChecker - Bean 'asyncExecutorPoolConfig' of type [cn.hu.common.config.AsyncExecutorPoolConfig$$EnhancerBySpringCGLIB$$c9b4c7ed] is not eligible for getting processed by all BeanPostProcessors (for example: not eligible for auto-proxying)
22:59:52.741 febs [main] INFO  c.u.j.f.DefaultLazyPropertyFilter - Property Filter custom Bean not found with name 'encryptablePropertyFilter'. Initializing Default Property Filter
22:59:52.751 febs [main] INFO  o.s.c.s.PostProcessorRegistrationDelegate$BeanPostProcessorChecker - Bean 'com.alibaba.druid.spring.boot.autoconfigure.stat.DruidSpringAopConfiguration' of type [com.alibaba.druid.spring.boot.autoconfigure.stat.DruidSpringAopConfiguration] is not eligible for getting processed by all BeanPostProcessors (for example: not eligible for auto-proxying)
22:59:52.828 febs [main] INFO  o.s.c.s.PostProcessorRegistrationDelegate$BeanPostProcessorChecker - Bean 'org.springframework.boot.context.properties.ConversionServiceDeducer$Factory' of type [org.springframework.boot.context.properties.ConversionServiceDeducer$Factory] is not eligible for getting processed by all BeanPostProcessors (for example: not eligible for auto-proxying)
22:59:52.900 febs [main] INFO  c.u.j.r.DefaultLazyPropertyResolver - Property Resolver custom Bean not found with name 'encryptablePropertyResolver'. Initializing Default Property Resolver
22:59:52.901 febs [main] INFO  c.u.j.d.DefaultLazyPropertyDetector - Property Detector custom Bean not found with name 'encryptablePropertyDetector'. Initializing Default Property Detector
22:59:52.914 febs [main] INFO  o.s.c.s.PostProcessorRegistrationDelegate$BeanPostProcessorChecker - Bean 'spring.datasource.druid-com.alibaba.druid.spring.boot.autoconfigure.properties.DruidStatProperties' of type [com.alibaba.druid.spring.boot.autoconfigure.properties.DruidStatProperties] is not eligible for getting processed by all BeanPostProcessors (for example: not eligible for auto-proxying)
22:59:52.922 febs [main] INFO  o.s.c.s.PostProcessorRegistrationDelegate$BeanPostProcessorChecker - Bean 'advisor' of type [org.springframework.aop.support.RegexpMethodPointcutAdvisor] is not eligible for getting processed by all BeanPostProcessors (for example: not eligible for auto-proxying)
22:59:52.934 febs [main] INFO  o.s.c.s.PostProcessorRegistrationDelegate$BeanPostProcessorChecker - Bean 'redisConfig' of type [cn.hu.common.config.RedisConfig$$EnhancerBySpringCGLIB$$9d82b8bd] is not eligible for getting processed by all BeanPostProcessors (for example: not eligible for auto-proxying)
22:59:52.974 febs [main] INFO  o.s.c.s.PostProcessorRegistrationDelegate$BeanPostProcessorChecker - Bean 'org.springframework.transaction.annotation.ProxyTransactionManagementConfiguration' of type [org.springframework.transaction.annotation.ProxyTransactionManagementConfiguration$$EnhancerBySpringCGLIB$$ffa60ee2] is not eligible for getting processed by all BeanPostProcessors (for example: not eligible for auto-proxying)
22:59:53.010 febs [main] INFO  o.s.c.s.PostProcessorRegistrationDelegate$BeanPostProcessorChecker - Bean 'febsProperties' of type [cn.hu.common.config.FebsProperties$$EnhancerBySpringCGLIB$$331f2c71] is not eligible for getting processed by all BeanPostProcessors (for example: not eligible for auto-proxying)
22:59:53.016 febs [main] INFO  o.s.c.s.PostProcessorRegistrationDelegate$BeanPostProcessorChecker - Bean 'shiroConfig' of type [cn.hu.common.shiro.ShiroConfig$$EnhancerBySpringCGLIB$$31fd58d8] is not eligible for getting processed by all BeanPostProcessors (for example: not eligible for auto-proxying)
22:59:53.317 febs [main] INFO  o.s.c.s.PostProcessorRegistrationDelegate$BeanPostProcessorChecker - Bean 'mybatis-org.mybatis.spring.boot.autoconfigure.MybatisProperties' of type [org.mybatis.spring.boot.autoconfigure.MybatisProperties] is not eligible for getting processed by all BeanPostProcessors (for example: not eligible for auto-proxying)
22:59:53.324 febs [main] INFO  o.s.c.s.PostProcessorRegistrationDelegate$BeanPostProcessorChecker - Bean 'myBatisConfig' of type [cn.hu.common.config.MyBatisConfig$$EnhancerBySpringCGLIB$$7937d3b5] is not eligible for getting processed by all BeanPostProcessors (for example: not eligible for auto-proxying)
22:59:53.328 febs [main] INFO  o.s.c.s.PostProcessorRegistrationDelegate$BeanPostProcessorChecker - Bean 'sqlStatementInterceptor' of type [cn.hu.common.interceptor.SqlStatementInterceptor] is not eligible for getting processed by all BeanPostProcessors (for example: not eligible for auto-proxying)
22:59:53.339 febs [main] INFO  o.s.c.s.PostProcessorRegistrationDelegate$BeanPostProcessorChecker - Bean 'org.mybatis.spring.boot.autoconfigure.MybatisAutoConfiguration' of type [org.mybatis.spring.boot.autoconfigure.MybatisAutoConfiguration$$EnhancerBySpringCGLIB$$327a6012] is not eligible for getting processed by all BeanPostProcessors (for example: not eligible for auto-proxying)
22:59:53.346 febs [main] INFO  o.s.c.s.PostProcessorRegistrationDelegate$BeanPostProcessorChecker - Bean 'com.alibaba.druid.spring.boot.autoconfigure.DruidDataSourceAutoConfigure' of type [com.alibaba.druid.spring.boot.autoconfigure.DruidDataSourceAutoConfigure$$EnhancerBySpringCGLIB$$19520454] is not eligible for getting processed by all BeanPostProcessors (for example: not eligible for auto-proxying)
22:59:53.350 febs [main] INFO  c.a.d.s.b.a.DruidDataSourceAutoConfigure - Init DruidDataSource
22:59:53.507 febs [main] INFO  o.s.c.s.PostProcessorRegistrationDelegate$BeanPostProcessorChecker - Bean 'spring.datasource-org.springframework.boot.autoconfigure.jdbc.DataSourceProperties' of type [org.springframework.boot.autoconfigure.jdbc.DataSourceProperties] is not eligible for getting processed by all BeanPostProcessors (for example: not eligible for auto-proxying)
22:59:53.515 febs [main] INFO  o.s.c.s.PostProcessorRegistrationDelegate$BeanPostProcessorChecker - Bean 'com.alibaba.druid.spring.boot.autoconfigure.stat.DruidFilterConfiguration' of type [com.alibaba.druid.spring.boot.autoconfigure.stat.DruidFilterConfiguration] is not eligible for getting processed by all BeanPostProcessors (for example: not eligible for auto-proxying)
22:59:53.543 febs [main] INFO  o.s.c.s.PostProcessorRegistrationDelegate$BeanPostProcessorChecker - Bean 'statFilter' of type [com.alibaba.druid.filter.stat.StatFilter] is not eligible for getting processed by all BeanPostProcessors (for example: not eligible for auto-proxying)
22:59:53.811 febs [main] INFO  c.alibaba.druid.pool.DruidDataSource - {dataSource-1} inited
22:59:53.811 febs [main] INFO  o.s.c.s.PostProcessorRegistrationDelegate$BeanPostProcessorChecker - Bean 'dataSource' of type [com.alibaba.druid.spring.boot.autoconfigure.DruidDataSourceWrapper] is not eligible for getting processed by all BeanPostProcessors (for example: not eligible for auto-proxying)
22:59:53.850 febs [main] INFO  o.s.c.s.PostProcessorRegistrationDelegate$BeanPostProcessorChecker - Bean 'org.springframework.boot.autoconfigure.jdbc.DataSourceInitializerInvoker' of type [org.springframework.boot.autoconfigure.jdbc.DataSourceInitializerInvoker] is not eligible for getting processed by all BeanPostProcessors (for example: not eligible for auto-proxying)
22:59:54.061 febs [main] INFO  o.s.c.s.PostProcessorRegistrationDelegate$BeanPostProcessorChecker - Bean 'sqlSessionFactory' of type [org.apache.ibatis.session.defaults.DefaultSqlSessionFactory] is not eligible for getting processed by all BeanPostProcessors (for example: not eligible for auto-proxying)
22:59:54.070 febs [main] INFO  o.s.c.s.PostProcessorRegistrationDelegate$BeanPostProcessorChecker - Bean 'sqlSessionTemplate' of type [org.mybatis.spring.SqlSessionTemplate] is not eligible for getting processed by all BeanPostProcessors (for example: not eligible for auto-proxying)
22:59:54.073 febs [main] INFO  o.s.c.s.PostProcessorRegistrationDelegate$BeanPostProcessorChecker - Bean 'userMapper' of type [org.mybatis.spring.mapper.MapperFactoryBean] is not eligible for getting processed by all BeanPostProcessors (for example: not eligible for auto-proxying)
22:59:54.077 febs [main] INFO  o.s.c.s.PostProcessorRegistrationDelegate$BeanPostProcessorChecker - Bean 'userMapper' of type [com.sun.proxy.$Proxy95] is not eligible for getting processed by all BeanPostProcessors (for example: not eligible for auto-proxying)
22:59:54.088 febs [main] INFO  o.s.c.s.PostProcessorRegistrationDelegate$BeanPostProcessorChecker - Bean 'userRoleMapper' of type [org.mybatis.spring.mapper.MapperFactoryBean] is not eligible for getting processed by all BeanPostProcessors (for example: not eligible for auto-proxying)
22:59:54.089 febs [main] INFO  o.s.c.s.PostProcessorRegistrationDelegate$BeanPostProcessorChecker - Bean 'userRoleMapper' of type [com.sun.proxy.$Proxy97] is not eligible for getting processed by all BeanPostProcessors (for example: not eligible for auto-proxying)
22:59:54.099 febs [main] INFO  o.s.c.s.PostProcessorRegistrationDelegate$BeanPostProcessorChecker - Bean 'userRoleService' of type [cn.hu.system.service.impl.UserRoleServiceImpl] is not eligible for getting processed by all BeanPostProcessors (for example: not eligible for auto-proxying)
22:59:54.123 febs [main] INFO  o.s.c.s.PostProcessorRegistrationDelegate$BeanPostProcessorChecker - Bean 'userService' of type [cn.hu.system.service.impl.UserServiceImpl] is not eligible for getting processed by all BeanPostProcessors (for example: not eligible for auto-proxying)
22:59:54.159 febs [main] INFO  o.s.c.s.PostProcessorRegistrationDelegate$BeanPostProcessorChecker - Bean 'roleMapper' of type [org.mybatis.spring.mapper.MapperFactoryBean] is not eligible for getting processed by all BeanPostProcessors (for example: not eligible for auto-proxying)
22:59:54.161 febs [main] INFO  o.s.c.s.PostProcessorRegistrationDelegate$BeanPostProcessorChecker - Bean 'roleMapper' of type [com.sun.proxy.$Proxy103] is not eligible for getting processed by all BeanPostProcessors (for example: not eligible for auto-proxying)
22:59:54.171 febs [main] INFO  o.s.c.s.PostProcessorRegistrationDelegate$BeanPostProcessorChecker - Bean 'roleMenuMapper' of type [org.mybatis.spring.mapper.MapperFactoryBean] is not eligible for getting processed by all BeanPostProcessors (for example: not eligible for auto-proxying)
22:59:54.173 febs [main] INFO  o.s.c.s.PostProcessorRegistrationDelegate$BeanPostProcessorChecker - Bean 'roleMenuMapper' of type [com.sun.proxy.$Proxy104] is not eligible for getting processed by all BeanPostProcessors (for example: not eligible for auto-proxying)
22:59:54.185 febs [main] INFO  o.s.c.s.PostProcessorRegistrationDelegate$BeanPostProcessorChecker - Bean 'roleMenuService' of type [cn.hu.system.service.impl.RoleMenuServiceImpl] is not eligible for getting processed by all BeanPostProcessors (for example: not eligible for auto-proxying)
22:59:54.205 febs [main] INFO  o.s.c.s.PostProcessorRegistrationDelegate$BeanPostProcessorChecker - Bean 'roleService' of type [cn.hu.system.service.impl.RoleServiceImpl] is not eligible for getting processed by all BeanPostProcessors (for example: not eligible for auto-proxying)
22:59:54.235 febs [main] INFO  o.s.c.s.PostProcessorRegistrationDelegate$BeanPostProcessorChecker - Bean 'menuMapper' of type [org.mybatis.spring.mapper.MapperFactoryBean] is not eligible for getting processed by all BeanPostProcessors (for example: not eligible for auto-proxying)
22:59:54.237 febs [main] INFO  o.s.c.s.PostProcessorRegistrationDelegate$BeanPostProcessorChecker - Bean 'menuMapper' of type [com.sun.proxy.$Proxy105] is not eligible for getting processed by all BeanPostProcessors (for example: not eligible for auto-proxying)
22:59:54.246 febs [main] INFO  o.s.c.s.PostProcessorRegistrationDelegate$BeanPostProcessorChecker - Bean 'menuService' of type [cn.hu.system.service.impl.MenuServiceImpl] is not eligible for getting processed by all BeanPostProcessors (for example: not eligible for auto-proxying)
22:59:54.278 febs [main] INFO  o.s.c.s.PostProcessorRegistrationDelegate$BeanPostProcessorChecker - Bean 'shiroRealm' of type [cn.hu.common.shiro.ShiroRealm] is not eligible for getting processed by all BeanPostProcessors (for example: not eligible for auto-proxying)
22:59:54.292 febs [main] INFO  o.s.c.s.PostProcessorRegistrationDelegate$BeanPostProcessorChecker - Bean 'redisSessionDAO' of type [org.crazycake.shiro.RedisSessionDAO] is not eligible for getting processed by all BeanPostProcessors (for example: not eligible for auto-proxying)
22:59:54.304 febs [main] INFO  o.s.c.s.PostProcessorRegistrationDelegate$BeanPostProcessorChecker - Bean 'sessionManager' of type [org.apache.shiro.web.session.mgt.DefaultWebSessionManager] is not eligible for getting processed by all BeanPostProcessors (for example: not eligible for auto-proxying)
22:59:54.316 febs [main] INFO  o.s.c.s.PostProcessorRegistrationDelegate$BeanPostProcessorChecker - Bean 'securityManager' of type [org.apache.shiro.web.mgt.DefaultWebSecurityManager] is not eligible for getting processed by all BeanPostProcessors (for example: not eligible for auto-proxying)
22:59:54.333 febs [main] INFO  o.s.c.s.PostProcessorRegistrationDelegate$BeanPostProcessorChecker - Bean 'authorizationAttributeSourceAdvisor' of type [org.apache.shiro.spring.security.interceptor.AuthorizationAttributeSourceAdvisor] is not eligible for getting processed by all BeanPostProcessors (for example: not eligible for auto-proxying)
22:59:54.701 febs [main] INFO  o.s.b.w.e.tomcat.TomcatWebServer - Tomcat initialized with port(s): 8080 (http)
22:59:54.711 febs [main] INFO  o.a.coyote.http11.Http11NioProtocol - Initializing ProtocolHandler ["http-nio-8080"]
22:59:54.720 febs [main] INFO  o.a.catalina.core.StandardService - Starting service [Tomcat]
22:59:54.720 febs [main] INFO  o.a.catalina.core.StandardEngine - Starting Servlet Engine: Apache Tomcat/8.5.32
22:59:54.724 febs [localhost-startStop-1] INFO  o.a.c.core.AprLifecycleListener - The APR based Apache Tomcat Native library which allows optimal performance in production environments was not found on the java.library.path: [C:\Program Files\Java\jdk1.8.0_192\bin;C:\WINDOWS\Sun\Java\bin;C:\WINDOWS\system32;C:\WINDOWS;C:/Program Files/Java/jre1.8.0_201/bin/server;C:/Program Files/Java/jre1.8.0_201/bin;C:/Program Files/Java/jre1.8.0_201/lib/amd64;C:\Program Files (x86)\Common Files\Oracle\Java\javapath;C:\Program Files (x86)\Common Files\NetSarang;C:\Program Files (x86)\Intel\iCLS Client\;C:\Program Files\Intel\iCLS Client\;C:\Windows\system32;C:\Windows;C:\Windows\System32\Wbem;C:\Windows\System32\WindowsPowerShell\v1.0\;C:\Program Files (x86)\Intel\Intel(R) Management Engine Components\DAL;C:\Program Files\Intel\Intel(R) Management Engine Components\DAL;C:\Program Files (x86)\Intel\Intel(R) Management Engine Components\IPT;C:\Program Files\Intel\Intel(R) Management Engine Components\IPT;C:\Program Files (x86)\NVIDIA Corporation\PhysX\Common;C:\WINDOWS\system32;C:\WINDOWS;C:\WINDOWS\System32\Wbem;C:\WINDOWS\System32\WindowsPowerShell\v1.0\;C:\WINDOWS\System32\OpenSSH\;C:\apache-tomcat-7.0.90\bin;C:\Program Files\TortoiseGit\bin;C:\Users\googlebrain\AppData\Local\Microsoft\WindowsApps;C:\Program Files\Microsoft VS Code\bin;C:\Users\googlebrain\AppData\Local\GitHubDesktop\bin;C:\eclipse-jee-photon-R-win32-x86_64\eclipse;;.]
22:59:54.821 febs [localhost-startStop-1] INFO  o.a.c.c.C.[Tomcat].[localhost].[/] - Initializing Spring embedded WebApplicationContext
22:59:54.821 febs [localhost-startStop-1] INFO  o.s.web.context.ContextLoader - Root WebApplicationContext: initialization completed in 3444 ms
22:59:54.963 febs [localhost-startStop-1] INFO  o.s.b.w.s.FilterRegistrationBean - Mapping filter: 'characterEncodingFilter' to: [/*]
22:59:54.963 febs [localhost-startStop-1] INFO  o.s.b.w.s.FilterRegistrationBean - Mapping filter: 'hiddenHttpMethodFilter' to: [/*]
22:59:54.963 febs [localhost-startStop-1] INFO  o.s.b.w.s.FilterRegistrationBean - Mapping filter: 'httpPutFormContentFilter' to: [/*]
22:59:54.963 febs [localhost-startStop-1] INFO  o.s.b.w.s.FilterRegistrationBean - Mapping filter: 'requestContextFilter' to: [/*]
22:59:54.963 febs [localhost-startStop-1] INFO  o.s.b.w.s.FilterRegistrationBean - Mapping filter: 'xssFilter' to urls: [/*]
22:59:54.963 febs [localhost-startStop-1] INFO  o.s.b.w.s.FilterRegistrationBean - Mapping filter: 'webStatFilter' to urls: [/*]
22:59:54.963 febs [localhost-startStop-1] INFO  o.s.b.w.s.FilterRegistrationBean - Mapping filter: 'shiroFilterFactoryBean' to: [/*]
22:59:54.964 febs [localhost-startStop-1] INFO  o.s.b.w.s.ServletRegistrationBean - Servlet dispatcherServlet mapped to [/]
22:59:54.964 febs [localhost-startStop-1] INFO  o.s.b.w.s.ServletRegistrationBean - Servlet statViewServlet mapped to [/druid/*]
22:59:54.977 febs [localhost-startStop-1] INFO  cn.hu.common.xss.XssFilter - ------------ xss filter init ------------
22:59:55.640 febs [main] INFO  o.s.s.c.ThreadPoolTaskExecutor - Initializing ExecutorService  'taskExecutor'
22:59:55.824 febs [main] INFO  o.s.w.s.h.SimpleUrlHandlerMapping - Mapped URL path [/**/favicon.ico] onto handler of type [class org.springframework.web.servlet.resource.ResourceHttpRequestHandler]
22:59:56.086 febs [main] INFO  o.s.w.s.m.m.a.RequestMappingHandlerAdapter - Looking for @ControllerAdvice: org.springframework.boot.web.servlet.context.AnnotationConfigServletWebServerApplicationContext@175b9425: startup date [Sat Feb 16 22:59:51 CST 2019]; root of context hierarchy
22:59:56.160 febs [main] INFO  o.s.w.s.m.m.a.RequestMappingHandlerMapping - Mapped "{[/common/download]}" onto public void cn.hu.common.controller.CommonController.fileDownload(java.lang.String,java.lang.Boolean,javax.servlet.http.HttpServletResponse) throws java.io.IOException,cn.hu.common.exception.FileDownloadException
22:59:56.163 febs [main] INFO  o.s.w.s.m.m.a.RequestMappingHandlerMapping - Mapped "{[/test],methods=[GET]}" onto public int cn.hu.common.controller.TestController.testLimiter()
22:59:56.165 febs [main] INFO  o.s.w.s.m.m.a.RequestMappingHandlerMapping - Mapped "{[/backuser]}" onto public java.lang.String cn.hu.system.controller.BackUserController.index(org.springframework.ui.Model)
22:59:56.166 febs [main] INFO  o.s.w.s.m.m.a.RequestMappingHandlerMapping - Mapped "{[/backuser/list]}" onto public java.util.Map<java.lang.String, java.lang.Object> cn.hu.system.controller.BackUserController.userList(cn.hu.common.domain.QueryRequest,cn.hu.system.domain.User)
22:59:56.166 febs [main] INFO  o.s.w.s.m.m.a.RequestMappingHandlerMapping - Mapped "{[/backuser/add]}" onto public cn.hu.common.domain.ResponseBo cn.hu.system.controller.BackUserController.addUser(cn.hu.system.domain.User,java.lang.Long[])
22:59:56.167 febs [main] INFO  o.s.w.s.m.m.a.RequestMappingHandlerMapping - Mapped "{[/backuser/updateUserProfile]}" onto public cn.hu.common.domain.ResponseBo cn.hu.system.controller.BackUserController.updateUserProfile(cn.hu.system.domain.User)
22:59:56.167 febs [main] INFO  o.s.w.s.m.m.a.RequestMappingHandlerMapping - Mapped "{[/backuser/checkPassword]}" onto public boolean cn.hu.system.controller.BackUserController.checkPassword(java.lang.String)
22:59:56.168 febs [main] INFO  o.s.w.s.m.m.a.RequestMappingHandlerMapping - Mapped "{[/backuser/checkUserName]}" onto public boolean cn.hu.system.controller.BackUserController.checkUserName(java.lang.String,java.lang.String)
22:59:56.168 febs [main] INFO  o.s.w.s.m.m.a.RequestMappingHandlerMapping - Mapped "{[/backuser/regist]}" onto public cn.hu.common.domain.ResponseBo cn.hu.system.controller.BackUserController.regist(cn.hu.system.domain.User)
22:59:56.169 febs [main] INFO  o.s.w.s.m.m.a.RequestMappingHandlerMapping - Mapped "{[/backuser/getUser]}" onto public cn.hu.common.domain.ResponseBo cn.hu.system.controller.BackUserController.getUser(java.lang.Long)
22:59:56.169 febs [main] INFO  o.s.w.s.m.m.a.RequestMappingHandlerMapping - Mapped "{[/backuser/excel]}" onto public cn.hu.common.domain.ResponseBo cn.hu.system.controller.BackUserController.userExcel(cn.hu.system.domain.User)
22:59:56.169 febs [main] INFO  o.s.w.s.m.m.a.RequestMappingHandlerMapping - Mapped "{[/backuser/profile]}" onto public java.lang.String cn.hu.system.controller.BackUserController.profileIndex(org.springframework.ui.Model)
22:59:56.170 febs [main] INFO  o.s.w.s.m.m.a.RequestMappingHandlerMapping - Mapped "{[/backuser/delete]}" onto public cn.hu.common.domain.ResponseBo cn.hu.system.controller.BackUserController.deleteUsers(java.lang.String)
22:59:56.170 febs [main] INFO  o.s.w.s.m.m.a.RequestMappingHandlerMapping - Mapped "{[/backuser/updatePassword]}" onto public cn.hu.common.domain.ResponseBo cn.hu.system.controller.BackUserController.updatePassword(java.lang.String)
22:59:56.170 febs [main] INFO  o.s.w.s.m.m.a.RequestMappingHandlerMapping - Mapped "{[/backuser/getUserProfile]}" onto public cn.hu.common.domain.ResponseBo cn.hu.system.controller.BackUserController.getUserProfile(java.lang.Long)
22:59:56.171 febs [main] INFO  o.s.w.s.m.m.a.RequestMappingHandlerMapping - Mapped "{[/backuser/csv]}" onto public cn.hu.common.domain.ResponseBo cn.hu.system.controller.BackUserController.userCsv(cn.hu.system.domain.User)
22:59:56.171 febs [main] INFO  o.s.w.s.m.m.a.RequestMappingHandlerMapping - Mapped "{[/backuser/theme]}" onto public cn.hu.common.domain.ResponseBo cn.hu.system.controller.BackUserController.updateTheme(cn.hu.system.domain.User)
22:59:56.172 febs [main] INFO  o.s.w.s.m.m.a.RequestMappingHandlerMapping - Mapped "{[/backuser/update]}" onto public cn.hu.common.domain.ResponseBo cn.hu.system.controller.BackUserController.updateUser(cn.hu.system.domain.User,java.lang.Long[])
22:59:56.172 febs [main] INFO  o.s.w.s.m.m.a.RequestMappingHandlerMapping - Mapped "{[/backuser/changeAvatar]}" onto public cn.hu.common.domain.ResponseBo cn.hu.system.controller.BackUserController.changeAvatar(java.lang.String)
22:59:56.174 febs [main] INFO  o.s.w.s.m.m.a.RequestMappingHandlerMapping - Mapped "{[/base]}" onto public java.lang.String cn.hu.system.controller.BaseSettingController.index()
22:59:56.174 febs [main] INFO  o.s.w.s.m.m.a.RequestMappingHandlerMapping - Mapped "{[/base/delete]}" onto public cn.hu.common.domain.ResponseBo cn.hu.system.controller.BaseSettingController.deleteDicts(java.lang.String)
22:59:56.175 febs [main] INFO  o.s.w.s.m.m.a.RequestMappingHandlerMapping - Mapped "{[/base/update]}" onto public cn.hu.common.domain.ResponseBo cn.hu.system.controller.BaseSettingController.updateDict(cn.hu.system.domain.Dict)
22:59:56.175 febs [main] INFO  o.s.w.s.m.m.a.RequestMappingHandlerMapping - Mapped "{[/base/getDict]}" onto public cn.hu.common.domain.ResponseBo cn.hu.system.controller.BaseSettingController.getDict(java.lang.Long)
22:59:56.175 febs [main] INFO  o.s.w.s.m.m.a.RequestMappingHandlerMapping - Mapped "{[/base/csv]}" onto public cn.hu.common.domain.ResponseBo cn.hu.system.controller.BaseSettingController.dictCsv(cn.hu.system.domain.Dict)
22:59:56.176 febs [main] INFO  o.s.w.s.m.m.a.RequestMappingHandlerMapping - Mapped "{[/base/list]}" onto public java.util.Map<java.lang.String, java.lang.Object> cn.hu.system.controller.BaseSettingController.dictList(cn.hu.common.domain.QueryRequest,cn.hu.system.domain.Dict)
22:59:56.176 febs [main] INFO  o.s.w.s.m.m.a.RequestMappingHandlerMapping - Mapped "{[/base/add]}" onto public cn.hu.common.domain.ResponseBo cn.hu.system.controller.BaseSettingController.addDict(cn.hu.system.domain.Dict)
22:59:56.176 febs [main] INFO  o.s.w.s.m.m.a.RequestMappingHandlerMapping - Mapped "{[/base/excel]}" onto public cn.hu.common.domain.ResponseBo cn.hu.system.controller.BaseSettingController.dictExcel(cn.hu.system.domain.Dict)
22:59:56.178 febs [main] INFO  o.s.w.s.m.m.a.RequestMappingHandlerMapping - Mapped "{[/dept]}" onto public java.lang.String cn.hu.system.controller.DeptController.index()
22:59:56.178 febs [main] INFO  o.s.w.s.m.m.a.RequestMappingHandlerMapping - Mapped "{[/dept/add]}" onto public cn.hu.common.domain.ResponseBo cn.hu.system.controller.DeptController.addRole(cn.hu.system.domain.Dept)
22:59:56.178 febs [main] INFO  o.s.w.s.m.m.a.RequestMappingHandlerMapping - Mapped "{[/dept/delete]}" onto public cn.hu.common.domain.ResponseBo cn.hu.system.controller.DeptController.deleteDepts(java.lang.String)
22:59:56.179 febs [main] INFO  o.s.w.s.m.m.a.RequestMappingHandlerMapping - Mapped "{[/dept/update]}" onto public cn.hu.common.domain.ResponseBo cn.hu.system.controller.DeptController.updateRole(cn.hu.system.domain.Dept)
22:59:56.179 febs [main] INFO  o.s.w.s.m.m.a.RequestMappingHandlerMapping - Mapped "{[/dept/getDept]}" onto public cn.hu.common.domain.ResponseBo cn.hu.system.controller.DeptController.getDept(java.lang.Long)
22:59:56.179 febs [main] INFO  o.s.w.s.m.m.a.RequestMappingHandlerMapping - Mapped "{[/dept/tree]}" onto public cn.hu.common.domain.ResponseBo cn.hu.system.controller.DeptController.getDeptTree()
22:59:56.180 febs [main] INFO  o.s.w.s.m.m.a.RequestMappingHandlerMapping - Mapped "{[/dept/excel]}" onto public cn.hu.common.domain.ResponseBo cn.hu.system.controller.DeptController.deptExcel(cn.hu.system.domain.Dept)
22:59:56.181 febs [main] INFO  o.s.w.s.m.m.a.RequestMappingHandlerMapping - Mapped "{[/dept/csv]}" onto public cn.hu.common.domain.ResponseBo cn.hu.system.controller.DeptController.deptCsv(cn.hu.system.domain.Dept)
22:59:56.181 febs [main] INFO  o.s.w.s.m.m.a.RequestMappingHandlerMapping - Mapped "{[/dept/checkDeptName]}" onto public boolean cn.hu.system.controller.DeptController.checkDeptName(java.lang.String,java.lang.String)
22:59:56.182 febs [main] INFO  o.s.w.s.m.m.a.RequestMappingHandlerMapping - Mapped "{[/dept/list]}" onto public java.util.List<cn.hu.system.domain.Dept> cn.hu.system.controller.DeptController.deptList(cn.hu.system.domain.Dept)
22:59:56.184 febs [main] INFO  o.s.w.s.m.m.a.RequestMappingHandlerMapping - Mapped "{[/dict]}" onto public java.lang.String cn.hu.system.controller.DictController.index()
22:59:56.185 febs [main] INFO  o.s.w.s.m.m.a.RequestMappingHandlerMapping - Mapped "{[/dict/delete]}" onto public cn.hu.common.domain.ResponseBo cn.hu.system.controller.DictController.deleteDicts(java.lang.String)
22:59:56.186 febs [main] INFO  o.s.w.s.m.m.a.RequestMappingHandlerMapping - Mapped "{[/dict/update]}" onto public cn.hu.common.domain.ResponseBo cn.hu.system.controller.DictController.updateDict(cn.hu.system.domain.Dict)
22:59:56.186 febs [main] INFO  o.s.w.s.m.m.a.RequestMappingHandlerMapping - Mapped "{[/dict/getDict]}" onto public cn.hu.common.domain.ResponseBo cn.hu.system.controller.DictController.getDict(java.lang.Long)
22:59:56.187 febs [main] INFO  o.s.w.s.m.m.a.RequestMappingHandlerMapping - Mapped "{[/dict/csv]}" onto public cn.hu.common.domain.ResponseBo cn.hu.system.controller.DictController.dictCsv(cn.hu.system.domain.Dict)
22:59:56.188 febs [main] INFO  o.s.w.s.m.m.a.RequestMappingHandlerMapping - Mapped "{[/dict/list]}" onto public java.util.Map<java.lang.String, java.lang.Object> cn.hu.system.controller.DictController.dictList(cn.hu.common.domain.QueryRequest,cn.hu.system.domain.Dict)
22:59:56.189 febs [main] INFO  o.s.w.s.m.m.a.RequestMappingHandlerMapping - Mapped "{[/dict/add]}" onto public cn.hu.common.domain.ResponseBo cn.hu.system.controller.DictController.addDict(cn.hu.system.domain.Dict)
22:59:56.191 febs [main] INFO  o.s.w.s.m.m.a.RequestMappingHandlerMapping - Mapped "{[/dict/excel]}" onto public cn.hu.common.domain.ResponseBo cn.hu.system.controller.DictController.dictExcel(cn.hu.system.domain.Dict)
22:59:56.195 febs [main] INFO  o.s.w.s.m.m.a.RequestMappingHandlerMapping - Mapped "{[/frontuser]}" onto public java.lang.String cn.hu.system.controller.FrontUserController.index(org.springframework.ui.Model)
22:59:56.196 febs [main] INFO  o.s.w.s.m.m.a.RequestMappingHandlerMapping - Mapped "{[/frontuser/list]}" onto public java.util.Map<java.lang.String, java.lang.Object> cn.hu.system.controller.FrontUserController.userList(cn.hu.common.domain.QueryRequest,cn.hu.system.domain.User)
22:59:56.198 febs [main] INFO  o.s.w.s.m.m.a.RequestMappingHandlerMapping - Mapped "{[/frontuser/add]}" onto public cn.hu.common.domain.ResponseBo cn.hu.system.controller.FrontUserController.addUser(cn.hu.system.domain.User,java.lang.Long[])
22:59:56.198 febs [main] INFO  o.s.w.s.m.m.a.RequestMappingHandlerMapping - Mapped "{[/frontuser/updateUserProfile]}" onto public cn.hu.common.domain.ResponseBo cn.hu.system.controller.FrontUserController.updateUserProfile(cn.hu.system.domain.User)
22:59:56.199 febs [main] INFO  o.s.w.s.m.m.a.RequestMappingHandlerMapping - Mapped "{[/frontuser/checkPassword]}" onto public boolean cn.hu.system.controller.FrontUserController.checkPassword(java.lang.String)
22:59:56.199 febs [main] INFO  o.s.w.s.m.m.a.RequestMappingHandlerMapping - Mapped "{[/frontuser/checkUserName]}" onto public boolean cn.hu.system.controller.FrontUserController.checkUserName(java.lang.String,java.lang.String)
22:59:56.199 febs [main] INFO  o.s.w.s.m.m.a.RequestMappingHandlerMapping - Mapped "{[/frontuser/regist]}" onto public cn.hu.common.domain.ResponseBo cn.hu.system.controller.FrontUserController.regist(cn.hu.system.domain.User)
22:59:56.200 febs [main] INFO  o.s.w.s.m.m.a.RequestMappingHandlerMapping - Mapped "{[/frontuser/getUser]}" onto public cn.hu.common.domain.ResponseBo cn.hu.system.controller.FrontUserController.getUser(java.lang.Long)
22:59:56.200 febs [main] INFO  o.s.w.s.m.m.a.RequestMappingHandlerMapping - Mapped "{[/frontuser/excel]}" onto public cn.hu.common.domain.ResponseBo cn.hu.system.controller.FrontUserController.userExcel(cn.hu.system.domain.User)
22:59:56.200 febs [main] INFO  o.s.w.s.m.m.a.RequestMappingHandlerMapping - Mapped "{[/frontuser/profile]}" onto public java.lang.String cn.hu.system.controller.FrontUserController.profileIndex(org.springframework.ui.Model)
22:59:56.202 febs [main] INFO  o.s.w.s.m.m.a.RequestMappingHandlerMapping - Mapped "{[/frontuser/delete]}" onto public cn.hu.common.domain.ResponseBo cn.hu.system.controller.FrontUserController.deleteUsers(java.lang.String)
22:59:56.203 febs [main] INFO  o.s.w.s.m.m.a.RequestMappingHandlerMapping - Mapped "{[/frontuser/updatePassword]}" onto public cn.hu.common.domain.ResponseBo cn.hu.system.controller.FrontUserController.updatePassword(java.lang.String)
22:59:56.204 febs [main] INFO  o.s.w.s.m.m.a.RequestMappingHandlerMapping - Mapped "{[/frontuser/getUserProfile]}" onto public cn.hu.common.domain.ResponseBo cn.hu.system.controller.FrontUserController.getUserProfile(java.lang.Long)
22:59:56.204 febs [main] INFO  o.s.w.s.m.m.a.RequestMappingHandlerMapping - Mapped "{[/frontuser/csv]}" onto public cn.hu.common.domain.ResponseBo cn.hu.system.controller.FrontUserController.userCsv(cn.hu.system.domain.User)
22:59:56.204 febs [main] INFO  o.s.w.s.m.m.a.RequestMappingHandlerMapping - Mapped "{[/frontuser/theme]}" onto public cn.hu.common.domain.ResponseBo cn.hu.system.controller.FrontUserController.updateTheme(cn.hu.system.domain.User)
22:59:56.206 febs [main] INFO  o.s.w.s.m.m.a.RequestMappingHandlerMapping - Mapped "{[/frontuser/update]}" onto public cn.hu.common.domain.ResponseBo cn.hu.system.controller.FrontUserController.updateUser(cn.hu.system.domain.User,java.lang.Long[])
22:59:56.206 febs [main] INFO  o.s.w.s.m.m.a.RequestMappingHandlerMapping - Mapped "{[/frontuser/changeAvatar]}" onto public cn.hu.common.domain.ResponseBo cn.hu.system.controller.FrontUserController.changeAvatar(java.lang.String)
22:59:56.208 febs [main] INFO  o.s.w.s.m.m.a.RequestMappingHandlerMapping - Mapped "{[/goodscategory]}" onto public java.lang.String cn.hu.system.controller.GoodsCategoryController.index()
22:59:56.208 febs [main] INFO  o.s.w.s.m.m.a.RequestMappingHandlerMapping - Mapped "{[/goodscategory/add]}" onto public cn.hu.common.domain.ResponseBo cn.hu.system.controller.GoodsCategoryController.addRole(cn.hu.system.domain.Dept)
22:59:56.209 febs [main] INFO  o.s.w.s.m.m.a.RequestMappingHandlerMapping - Mapped "{[/goodscategory/delete]}" onto public cn.hu.common.domain.ResponseBo cn.hu.system.controller.GoodsCategoryController.deleteDepts(java.lang.String)
22:59:56.209 febs [main] INFO  o.s.w.s.m.m.a.RequestMappingHandlerMapping - Mapped "{[/goodscategory/update]}" onto public cn.hu.common.domain.ResponseBo cn.hu.system.controller.GoodsCategoryController.updateRole(cn.hu.system.domain.Dept)
22:59:56.210 febs [main] INFO  o.s.w.s.m.m.a.RequestMappingHandlerMapping - Mapped "{[/goodscategory/getDept]}" onto public cn.hu.common.domain.ResponseBo cn.hu.system.controller.GoodsCategoryController.getDept(java.lang.Long)
22:59:56.212 febs [main] INFO  o.s.w.s.m.m.a.RequestMappingHandlerMapping - Mapped "{[/goodscategory/tree]}" onto public cn.hu.common.domain.ResponseBo cn.hu.system.controller.GoodsCategoryController.getDeptTree()
22:59:56.213 febs [main] INFO  o.s.w.s.m.m.a.RequestMappingHandlerMapping - Mapped "{[/goodscategory/excel]}" onto public cn.hu.common.domain.ResponseBo cn.hu.system.controller.GoodsCategoryController.deptExcel(cn.hu.system.domain.Dept)
22:59:56.214 febs [main] INFO  o.s.w.s.m.m.a.RequestMappingHandlerMapping - Mapped "{[/goodscategory/csv]}" onto public cn.hu.common.domain.ResponseBo cn.hu.system.controller.GoodsCategoryController.deptCsv(cn.hu.system.domain.Dept)
22:59:56.214 febs [main] INFO  o.s.w.s.m.m.a.RequestMappingHandlerMapping - Mapped "{[/goodscategory/checkDeptName]}" onto public boolean cn.hu.system.controller.GoodsCategoryController.checkDeptName(java.lang.String,java.lang.String)
22:59:56.215 febs [main] INFO  o.s.w.s.m.m.a.RequestMappingHandlerMapping - Mapped "{[/goodscategory/list]}" onto public java.util.List<cn.hu.system.domain.Dept> cn.hu.system.controller.GoodsCategoryController.deptList(cn.hu.system.domain.Dept)
22:59:56.216 febs [main] INFO  o.s.w.s.m.m.a.RequestMappingHandlerMapping - Mapped "{[/goods]}" onto public java.lang.String cn.hu.system.controller.GoodsController.index(org.springframework.ui.Model)
22:59:56.218 febs [main] INFO  o.s.w.s.m.m.a.RequestMappingHandlerMapping - Mapped "{[/goods/list]}" onto public java.util.Map<java.lang.String, java.lang.Object> cn.hu.system.controller.GoodsController.userList(cn.hu.common.domain.QueryRequest,cn.hu.system.domain.User)
22:59:56.219 febs [main] INFO  o.s.w.s.m.m.a.RequestMappingHandlerMapping - Mapped "{[/goods/add]}" onto public cn.hu.common.domain.ResponseBo cn.hu.system.controller.GoodsController.addUser(cn.hu.system.domain.User,java.lang.Long[])
22:59:56.219 febs [main] INFO  o.s.w.s.m.m.a.RequestMappingHandlerMapping - Mapped "{[/goods/updateUserProfile]}" onto public cn.hu.common.domain.ResponseBo cn.hu.system.controller.GoodsController.updateUserProfile(cn.hu.system.domain.User)
22:59:56.219 febs [main] INFO  o.s.w.s.m.m.a.RequestMappingHandlerMapping - Mapped "{[/goods/checkPassword]}" onto public boolean cn.hu.system.controller.GoodsController.checkPassword(java.lang.String)
22:59:56.220 febs [main] INFO  o.s.w.s.m.m.a.RequestMappingHandlerMapping - Mapped "{[/goods/checkUserName]}" onto public boolean cn.hu.system.controller.GoodsController.checkUserName(java.lang.String,java.lang.String)
22:59:56.220 febs [main] INFO  o.s.w.s.m.m.a.RequestMappingHandlerMapping - Mapped "{[/goods/regist]}" onto public cn.hu.common.domain.ResponseBo cn.hu.system.controller.GoodsController.regist(cn.hu.system.domain.User)
22:59:56.220 febs [main] INFO  o.s.w.s.m.m.a.RequestMappingHandlerMapping - Mapped "{[/goods/getUser]}" onto public cn.hu.common.domain.ResponseBo cn.hu.system.controller.GoodsController.getUser(java.lang.Long)
22:59:56.221 febs [main] INFO  o.s.w.s.m.m.a.RequestMappingHandlerMapping - Mapped "{[/goods/excel]}" onto public cn.hu.common.domain.ResponseBo cn.hu.system.controller.GoodsController.userExcel(cn.hu.system.domain.User)
22:59:56.221 febs [main] INFO  o.s.w.s.m.m.a.RequestMappingHandlerMapping - Mapped "{[/goods/profile]}" onto public java.lang.String cn.hu.system.controller.GoodsController.profileIndex(org.springframework.ui.Model)
22:59:56.222 febs [main] INFO  o.s.w.s.m.m.a.RequestMappingHandlerMapping - Mapped "{[/goods/delete]}" onto public cn.hu.common.domain.ResponseBo cn.hu.system.controller.GoodsController.deleteUsers(java.lang.String)
22:59:56.222 febs [main] INFO  o.s.w.s.m.m.a.RequestMappingHandlerMapping - Mapped "{[/goods/updatePassword]}" onto public cn.hu.common.domain.ResponseBo cn.hu.system.controller.GoodsController.updatePassword(java.lang.String)
22:59:56.222 febs [main] INFO  o.s.w.s.m.m.a.RequestMappingHandlerMapping - Mapped "{[/goods/getUserProfile]}" onto public cn.hu.common.domain.ResponseBo cn.hu.system.controller.GoodsController.getUserProfile(java.lang.Long)
22:59:56.223 febs [main] INFO  o.s.w.s.m.m.a.RequestMappingHandlerMapping - Mapped "{[/goods/csv]}" onto public cn.hu.common.domain.ResponseBo cn.hu.system.controller.GoodsController.userCsv(cn.hu.system.domain.User)
22:59:56.223 febs [main] INFO  o.s.w.s.m.m.a.RequestMappingHandlerMapping - Mapped "{[/goods/theme]}" onto public cn.hu.common.domain.ResponseBo cn.hu.system.controller.GoodsController.updateTheme(cn.hu.system.domain.User)
22:59:56.224 febs [main] INFO  o.s.w.s.m.m.a.RequestMappingHandlerMapping - Mapped "{[/goods/update]}" onto public cn.hu.common.domain.ResponseBo cn.hu.system.controller.GoodsController.updateUser(cn.hu.system.domain.User,java.lang.Long[])
22:59:56.224 febs [main] INFO  o.s.w.s.m.m.a.RequestMappingHandlerMapping - Mapped "{[/goods/changeAvatar]}" onto public cn.hu.common.domain.ResponseBo cn.hu.system.controller.GoodsController.changeAvatar(java.lang.String)
22:59:56.225 febs [main] INFO  o.s.w.s.m.m.a.RequestMappingHandlerMapping - Mapped "{[/log]}" onto public java.lang.String cn.hu.system.controller.LogController.index()
22:59:56.225 febs [main] INFO  o.s.w.s.m.m.a.RequestMappingHandlerMapping - Mapped "{[/log/list]}" onto public java.util.Map<java.lang.String, java.lang.Object> cn.hu.system.controller.LogController.logList(cn.hu.common.domain.QueryRequest,cn.hu.system.domain.SysLog)
22:59:56.225 febs [main] INFO  o.s.w.s.m.m.a.RequestMappingHandlerMapping - Mapped "{[/log/csv]}" onto public cn.hu.common.domain.ResponseBo cn.hu.system.controller.LogController.logCsv(cn.hu.system.domain.SysLog)
22:59:56.225 febs [main] INFO  o.s.w.s.m.m.a.RequestMappingHandlerMapping - Mapped "{[/log/delete]}" onto public cn.hu.common.domain.ResponseBo cn.hu.system.controller.LogController.deleteLogss(java.lang.String)
22:59:56.225 febs [main] INFO  o.s.w.s.m.m.a.RequestMappingHandlerMapping - Mapped "{[/log/excel]}" onto public cn.hu.common.domain.ResponseBo cn.hu.system.controller.LogController.logExcel(cn.hu.system.domain.SysLog)
22:59:56.229 febs [main] INFO  o.s.w.s.m.m.a.RequestMappingHandlerMapping - Mapped "{[/index]}" onto public java.lang.String cn.hu.system.controller.LoginController.index(org.springframework.ui.Model)
22:59:56.229 febs [main] INFO  o.s.w.s.m.m.a.RequestMappingHandlerMapping - Mapped "{[/login],methods=[GET]}" onto public java.lang.String cn.hu.system.controller.LoginController.login()
22:59:56.229 febs [main] INFO  o.s.w.s.m.m.a.RequestMappingHandlerMapping - Mapped "{[/login],methods=[POST]}" onto public cn.hu.common.domain.ResponseBo cn.hu.system.controller.LoginController.login(java.lang.String,java.lang.String,java.lang.String,java.lang.Boolean)
22:59:56.230 febs [main] INFO  o.s.w.s.m.m.a.RequestMappingHandlerMapping - Mapped "{[/gifCode],methods=[GET]}" onto public void cn.hu.system.controller.LoginController.getGifCode(javax.servlet.http.HttpServletResponse,javax.servlet.http.HttpServletRequest)
22:59:56.230 febs [main] INFO  o.s.w.s.m.m.a.RequestMappingHandlerMapping - Mapped "{[/]}" onto public java.lang.String cn.hu.system.controller.LoginController.redirectIndex()
22:59:56.230 febs [main] INFO  o.s.w.s.m.m.a.RequestMappingHandlerMapping - Mapped "{[/403],methods=[GET]}" onto public java.lang.String cn.hu.system.controller.LoginController.forbid()
22:59:56.232 febs [main] INFO  o.s.w.s.m.m.a.RequestMappingHandlerMapping - Mapped "{[/menu]}" onto public java.lang.String cn.hu.system.controller.MenuController.index()
22:59:56.234 febs [main] INFO  o.s.w.s.m.m.a.RequestMappingHandlerMapping - Mapped "{[/menu/delete]}" onto public cn.hu.common.domain.ResponseBo cn.hu.system.controller.MenuController.deleteMenus(java.lang.String)
22:59:56.234 febs [main] INFO  o.s.w.s.m.m.a.RequestMappingHandlerMapping - Mapped "{[/menu/urlList],methods=[GET]}" onto public java.util.List<java.util.Map<java.lang.String, java.lang.String>> cn.hu.system.controller.MenuController.getAllUrl()
22:59:56.235 febs [main] INFO  o.s.w.s.m.m.a.RequestMappingHandlerMapping - Mapped "{[/menu/getUserMenu]}" onto public cn.hu.common.domain.ResponseBo cn.hu.system.controller.MenuController.getUserMenu(java.lang.String)
22:59:56.235 febs [main] INFO  o.s.w.s.m.m.a.RequestMappingHandlerMapping - Mapped "{[/menu/list]}" onto public java.util.List<cn.hu.system.domain.Menu> cn.hu.system.controller.MenuController.menuList(cn.hu.system.domain.Menu)
22:59:56.235 febs [main] INFO  o.s.w.s.m.m.a.RequestMappingHandlerMapping - Mapped "{[/menu/checkMenuName]}" onto public boolean cn.hu.system.controller.MenuController.checkMenuName(java.lang.String,java.lang.String,java.lang.String)
22:59:56.237 febs [main] INFO  o.s.w.s.m.m.a.RequestMappingHandlerMapping - Mapped "{[/menu/excel]}" onto public cn.hu.common.domain.ResponseBo cn.hu.system.controller.MenuController.menuExcel(cn.hu.system.domain.Menu)
22:59:56.238 febs [main] INFO  o.s.w.s.m.m.a.RequestMappingHandlerMapping - Mapped "{[/menu/add]}" onto public cn.hu.common.domain.ResponseBo cn.hu.system.controller.MenuController.addMenu(cn.hu.system.domain.Menu)
22:59:56.238 febs [main] INFO  o.s.w.s.m.m.a.RequestMappingHandlerMapping - Mapped "{[/menu/getMenu]}" onto public cn.hu.common.domain.ResponseBo cn.hu.system.controller.MenuController.getMenu(java.lang.Long)
22:59:56.239 febs [main] INFO  o.s.w.s.m.m.a.RequestMappingHandlerMapping - Mapped "{[/menu/menu]}" onto public cn.hu.common.domain.ResponseBo cn.hu.system.controller.MenuController.getMenu(java.lang.String)
22:59:56.239 febs [main] INFO  o.s.w.s.m.m.a.RequestMappingHandlerMapping - Mapped "{[/menu/tree]}" onto public cn.hu.common.domain.ResponseBo cn.hu.system.controller.MenuController.getMenuTree()
22:59:56.239 febs [main] INFO  o.s.w.s.m.m.a.RequestMappingHandlerMapping - Mapped "{[/menu/csv]}" onto public cn.hu.common.domain.ResponseBo cn.hu.system.controller.MenuController.menuCsv(cn.hu.system.domain.Menu)
22:59:56.239 febs [main] INFO  o.s.w.s.m.m.a.RequestMappingHandlerMapping - Mapped "{[/menu/update]}" onto public cn.hu.common.domain.ResponseBo cn.hu.system.controller.MenuController.updateMenu(cn.hu.system.domain.Menu)
22:59:56.240 febs [main] INFO  o.s.w.s.m.m.a.RequestMappingHandlerMapping - Mapped "{[/menu/menuButtonTree]}" onto public cn.hu.common.domain.ResponseBo cn.hu.system.controller.MenuController.getMenuButtonTree()
22:59:56.242 febs [main] INFO  o.s.w.s.m.m.a.RequestMappingHandlerMapping - Mapped "{[/orders]}" onto public java.lang.String cn.hu.system.controller.OrdersController.index(org.springframework.ui.Model)
22:59:56.243 febs [main] INFO  o.s.w.s.m.m.a.RequestMappingHandlerMapping - Mapped "{[/orders/list]}" onto public java.util.Map<java.lang.String, java.lang.Object> cn.hu.system.controller.OrdersController.userList(cn.hu.common.domain.QueryRequest,cn.hu.system.domain.User)
22:59:56.245 febs [main] INFO  o.s.w.s.m.m.a.RequestMappingHandlerMapping - Mapped "{[/orders/add]}" onto public cn.hu.common.domain.ResponseBo cn.hu.system.controller.OrdersController.addUser(cn.hu.system.domain.User,java.lang.Long[])
22:59:56.246 febs [main] INFO  o.s.w.s.m.m.a.RequestMappingHandlerMapping - Mapped "{[/orders/updateUserProfile]}" onto public cn.hu.common.domain.ResponseBo cn.hu.system.controller.OrdersController.updateUserProfile(cn.hu.system.domain.User)
22:59:56.246 febs [main] INFO  o.s.w.s.m.m.a.RequestMappingHandlerMapping - Mapped "{[/orders/checkPassword]}" onto public boolean cn.hu.system.controller.OrdersController.checkPassword(java.lang.String)
22:59:56.246 febs [main] INFO  o.s.w.s.m.m.a.RequestMappingHandlerMapping - Mapped "{[/orders/checkUserName]}" onto public boolean cn.hu.system.controller.OrdersController.checkUserName(java.lang.String,java.lang.String)
22:59:56.247 febs [main] INFO  o.s.w.s.m.m.a.RequestMappingHandlerMapping - Mapped "{[/orders/regist]}" onto public cn.hu.common.domain.ResponseBo cn.hu.system.controller.OrdersController.regist(cn.hu.system.domain.User)
22:59:56.247 febs [main] INFO  o.s.w.s.m.m.a.RequestMappingHandlerMapping - Mapped "{[/orders/getUser]}" onto public cn.hu.common.domain.ResponseBo cn.hu.system.controller.OrdersController.getUser(java.lang.Long)
22:59:56.247 febs [main] INFO  o.s.w.s.m.m.a.RequestMappingHandlerMapping - Mapped "{[/orders/excel]}" onto public cn.hu.common.domain.ResponseBo cn.hu.system.controller.OrdersController.userExcel(cn.hu.system.domain.User)
22:59:56.248 febs [main] INFO  o.s.w.s.m.m.a.RequestMappingHandlerMapping - Mapped "{[/orders/profile]}" onto public java.lang.String cn.hu.system.controller.OrdersController.profileIndex(org.springframework.ui.Model)
22:59:56.248 febs [main] INFO  o.s.w.s.m.m.a.RequestMappingHandlerMapping - Mapped "{[/orders/delete]}" onto public cn.hu.common.domain.ResponseBo cn.hu.system.controller.OrdersController.deleteUsers(java.lang.String)
22:59:56.248 febs [main] INFO  o.s.w.s.m.m.a.RequestMappingHandlerMapping - Mapped "{[/orders/updatePassword]}" onto public cn.hu.common.domain.ResponseBo cn.hu.system.controller.OrdersController.updatePassword(java.lang.String)
22:59:56.249 febs [main] INFO  o.s.w.s.m.m.a.RequestMappingHandlerMapping - Mapped "{[/orders/getUserProfile]}" onto public cn.hu.common.domain.ResponseBo cn.hu.system.controller.OrdersController.getUserProfile(java.lang.Long)
22:59:56.251 febs [main] INFO  o.s.w.s.m.m.a.RequestMappingHandlerMapping - Mapped "{[/orders/csv]}" onto public cn.hu.common.domain.ResponseBo cn.hu.system.controller.OrdersController.userCsv(cn.hu.system.domain.User)
22:59:56.253 febs [main] INFO  o.s.w.s.m.m.a.RequestMappingHandlerMapping - Mapped "{[/orders/theme]}" onto public cn.hu.common.domain.ResponseBo cn.hu.system.controller.OrdersController.updateTheme(cn.hu.system.domain.User)
22:59:56.253 febs [main] INFO  o.s.w.s.m.m.a.RequestMappingHandlerMapping - Mapped "{[/orders/update]}" onto public cn.hu.common.domain.ResponseBo cn.hu.system.controller.OrdersController.updateUser(cn.hu.system.domain.User,java.lang.Long[])
22:59:56.253 febs [main] INFO  o.s.w.s.m.m.a.RequestMappingHandlerMapping - Mapped "{[/orders/changeAvatar]}" onto public cn.hu.common.domain.ResponseBo cn.hu.system.controller.OrdersController.changeAvatar(java.lang.String)
22:59:56.254 febs [main] INFO  o.s.w.s.m.m.a.RequestMappingHandlerMapping - Mapped "{[/rebate]}" onto public java.lang.String cn.hu.system.controller.RebateController.index(org.springframework.ui.Model)
22:59:56.255 febs [main] INFO  o.s.w.s.m.m.a.RequestMappingHandlerMapping - Mapped "{[/rebate/list]}" onto public java.util.Map<java.lang.String, java.lang.Object> cn.hu.system.controller.RebateController.userList(cn.hu.common.domain.QueryRequest,cn.hu.system.domain.User)
22:59:56.255 febs [main] INFO  o.s.w.s.m.m.a.RequestMappingHandlerMapping - Mapped "{[/rebate/add]}" onto public cn.hu.common.domain.ResponseBo cn.hu.system.controller.RebateController.addUser(cn.hu.system.domain.User,java.lang.Long[])
22:59:56.256 febs [main] INFO  o.s.w.s.m.m.a.RequestMappingHandlerMapping - Mapped "{[/rebate/updateUserProfile]}" onto public cn.hu.common.domain.ResponseBo cn.hu.system.controller.RebateController.updateUserProfile(cn.hu.system.domain.User)
22:59:56.256 febs [main] INFO  o.s.w.s.m.m.a.RequestMappingHandlerMapping - Mapped "{[/rebate/checkPassword]}" onto public boolean cn.hu.system.controller.RebateController.checkPassword(java.lang.String)
22:59:56.258 febs [main] INFO  o.s.w.s.m.m.a.RequestMappingHandlerMapping - Mapped "{[/rebate/checkUserName]}" onto public boolean cn.hu.system.controller.RebateController.checkUserName(java.lang.String,java.lang.String)
22:59:56.258 febs [main] INFO  o.s.w.s.m.m.a.RequestMappingHandlerMapping - Mapped "{[/rebate/regist]}" onto public cn.hu.common.domain.ResponseBo cn.hu.system.controller.RebateController.regist(cn.hu.system.domain.User)
22:59:56.259 febs [main] INFO  o.s.w.s.m.m.a.RequestMappingHandlerMapping - Mapped "{[/rebate/getUser]}" onto public cn.hu.common.domain.ResponseBo cn.hu.system.controller.RebateController.getUser(java.lang.Long)
22:59:56.259 febs [main] INFO  o.s.w.s.m.m.a.RequestMappingHandlerMapping - Mapped "{[/rebate/excel]}" onto public cn.hu.common.domain.ResponseBo cn.hu.system.controller.RebateController.userExcel(cn.hu.system.domain.User)
22:59:56.260 febs [main] INFO  o.s.w.s.m.m.a.RequestMappingHandlerMapping - Mapped "{[/rebate/profile]}" onto public java.lang.String cn.hu.system.controller.RebateController.profileIndex(org.springframework.ui.Model)
22:59:56.262 febs [main] INFO  o.s.w.s.m.m.a.RequestMappingHandlerMapping - Mapped "{[/rebate/delete]}" onto public cn.hu.common.domain.ResponseBo cn.hu.system.controller.RebateController.deleteUsers(java.lang.String)
22:59:56.263 febs [main] INFO  o.s.w.s.m.m.a.RequestMappingHandlerMapping - Mapped "{[/rebate/updatePassword]}" onto public cn.hu.common.domain.ResponseBo cn.hu.system.controller.RebateController.updatePassword(java.lang.String)
22:59:56.263 febs [main] INFO  o.s.w.s.m.m.a.RequestMappingHandlerMapping - Mapped "{[/rebate/getUserProfile]}" onto public cn.hu.common.domain.ResponseBo cn.hu.system.controller.RebateController.getUserProfile(java.lang.Long)
22:59:56.263 febs [main] INFO  o.s.w.s.m.m.a.RequestMappingHandlerMapping - Mapped "{[/rebate/csv]}" onto public cn.hu.common.domain.ResponseBo cn.hu.system.controller.RebateController.userCsv(cn.hu.system.domain.User)
22:59:56.263 febs [main] INFO  o.s.w.s.m.m.a.RequestMappingHandlerMapping - Mapped "{[/rebate/theme]}" onto public cn.hu.common.domain.ResponseBo cn.hu.system.controller.RebateController.updateTheme(cn.hu.system.domain.User)
22:59:56.264 febs [main] INFO  o.s.w.s.m.m.a.RequestMappingHandlerMapping - Mapped "{[/rebate/update]}" onto public cn.hu.common.domain.ResponseBo cn.hu.system.controller.RebateController.updateUser(cn.hu.system.domain.User,java.lang.Long[])
22:59:56.264 febs [main] INFO  o.s.w.s.m.m.a.RequestMappingHandlerMapping - Mapped "{[/rebate/changeAvatar]}" onto public cn.hu.common.domain.ResponseBo cn.hu.system.controller.RebateController.changeAvatar(java.lang.String)
22:59:56.265 febs [main] INFO  o.s.w.s.m.m.a.RequestMappingHandlerMapping - Mapped "{[/receive]}" onto public java.lang.String cn.hu.system.controller.ReceiveController.index(org.springframework.ui.Model)
22:59:56.271 febs [main] INFO  o.s.w.s.m.m.a.RequestMappingHandlerMapping - Mapped "{[/receive/list]}" onto public java.util.Map<java.lang.String, java.lang.Object> cn.hu.system.controller.ReceiveController.userList(cn.hu.common.domain.QueryRequest,cn.hu.system.domain.User)
22:59:56.272 febs [main] INFO  o.s.w.s.m.m.a.RequestMappingHandlerMapping - Mapped "{[/receive/add]}" onto public cn.hu.common.domain.ResponseBo cn.hu.system.controller.ReceiveController.addUser(cn.hu.system.domain.User,java.lang.Long[])
22:59:56.272 febs [main] INFO  o.s.w.s.m.m.a.RequestMappingHandlerMapping - Mapped "{[/receive/updateUserProfile]}" onto public cn.hu.common.domain.ResponseBo cn.hu.system.controller.ReceiveController.updateUserProfile(cn.hu.system.domain.User)
22:59:56.272 febs [main] INFO  o.s.w.s.m.m.a.RequestMappingHandlerMapping - Mapped "{[/receive/checkPassword]}" onto public boolean cn.hu.system.controller.ReceiveController.checkPassword(java.lang.String)
22:59:56.273 febs [main] INFO  o.s.w.s.m.m.a.RequestMappingHandlerMapping - Mapped "{[/receive/checkUserName]}" onto public boolean cn.hu.system.controller.ReceiveController.checkUserName(java.lang.String,java.lang.String)
22:59:56.273 febs [main] INFO  o.s.w.s.m.m.a.RequestMappingHandlerMapping - Mapped "{[/receive/regist]}" onto public cn.hu.common.domain.ResponseBo cn.hu.system.controller.ReceiveController.regist(cn.hu.system.domain.User)
22:59:56.273 febs [main] INFO  o.s.w.s.m.m.a.RequestMappingHandlerMapping - Mapped "{[/receive/getUser]}" onto public cn.hu.common.domain.ResponseBo cn.hu.system.controller.ReceiveController.getUser(java.lang.Long)
22:59:56.274 febs [main] INFO  o.s.w.s.m.m.a.RequestMappingHandlerMapping - Mapped "{[/receive/excel]}" onto public cn.hu.common.domain.ResponseBo cn.hu.system.controller.ReceiveController.userExcel(cn.hu.system.domain.User)
22:59:56.274 febs [main] INFO  o.s.w.s.m.m.a.RequestMappingHandlerMapping - Mapped "{[/receive/profile]}" onto public java.lang.String cn.hu.system.controller.ReceiveController.profileIndex(org.springframework.ui.Model)
22:59:56.274 febs [main] INFO  o.s.w.s.m.m.a.RequestMappingHandlerMapping - Mapped "{[/receive/delete]}" onto public cn.hu.common.domain.ResponseBo cn.hu.system.controller.ReceiveController.deleteUsers(java.lang.String)
22:59:56.275 febs [main] INFO  o.s.w.s.m.m.a.RequestMappingHandlerMapping - Mapped "{[/receive/updatePassword]}" onto public cn.hu.common.domain.ResponseBo cn.hu.system.controller.ReceiveController.updatePassword(java.lang.String)
22:59:56.275 febs [main] INFO  o.s.w.s.m.m.a.RequestMappingHandlerMapping - Mapped "{[/receive/getUserProfile]}" onto public cn.hu.common.domain.ResponseBo cn.hu.system.controller.ReceiveController.getUserProfile(java.lang.Long)
22:59:56.276 febs [main] INFO  o.s.w.s.m.m.a.RequestMappingHandlerMapping - Mapped "{[/receive/csv]}" onto public cn.hu.common.domain.ResponseBo cn.hu.system.controller.ReceiveController.userCsv(cn.hu.system.domain.User)
22:59:56.277 febs [main] INFO  o.s.w.s.m.m.a.RequestMappingHandlerMapping - Mapped "{[/receive/theme]}" onto public cn.hu.common.domain.ResponseBo cn.hu.system.controller.ReceiveController.updateTheme(cn.hu.system.domain.User)
22:59:56.278 febs [main] INFO  o.s.w.s.m.m.a.RequestMappingHandlerMapping - Mapped "{[/receive/update]}" onto public cn.hu.common.domain.ResponseBo cn.hu.system.controller.ReceiveController.updateUser(cn.hu.system.domain.User,java.lang.Long[])
22:59:56.279 febs [main] INFO  o.s.w.s.m.m.a.RequestMappingHandlerMapping - Mapped "{[/receive/changeAvatar]}" onto public cn.hu.common.domain.ResponseBo cn.hu.system.controller.ReceiveController.changeAvatar(java.lang.String)
22:59:56.282 febs [main] INFO  o.s.w.s.m.m.a.RequestMappingHandlerMapping - Mapped "{[/recharge]}" onto public java.lang.String cn.hu.system.controller.RechargeController.index(org.springframework.ui.Model)
22:59:56.283 febs [main] INFO  o.s.w.s.m.m.a.RequestMappingHandlerMapping - Mapped "{[/recharge/list]}" onto public java.util.Map<java.lang.String, java.lang.Object> cn.hu.system.controller.RechargeController.userList(cn.hu.common.domain.QueryRequest,cn.hu.system.domain.User)
22:59:56.283 febs [main] INFO  o.s.w.s.m.m.a.RequestMappingHandlerMapping - Mapped "{[/recharge/add]}" onto public cn.hu.common.domain.ResponseBo cn.hu.system.controller.RechargeController.addUser(cn.hu.system.domain.User,java.lang.Long[])
22:59:56.284 febs [main] INFO  o.s.w.s.m.m.a.RequestMappingHandlerMapping - Mapped "{[/recharge/updateUserProfile]}" onto public cn.hu.common.domain.ResponseBo cn.hu.system.controller.RechargeController.updateUserProfile(cn.hu.system.domain.User)
22:59:56.284 febs [main] INFO  o.s.w.s.m.m.a.RequestMappingHandlerMapping - Mapped "{[/recharge/checkPassword]}" onto public boolean cn.hu.system.controller.RechargeController.checkPassword(java.lang.String)
22:59:56.285 febs [main] INFO  o.s.w.s.m.m.a.RequestMappingHandlerMapping - Mapped "{[/recharge/checkUserName]}" onto public boolean cn.hu.system.controller.RechargeController.checkUserName(java.lang.String,java.lang.String)
22:59:56.285 febs [main] INFO  o.s.w.s.m.m.a.RequestMappingHandlerMapping - Mapped "{[/recharge/regist]}" onto public cn.hu.common.domain.ResponseBo cn.hu.system.controller.RechargeController.regist(cn.hu.system.domain.User)
22:59:56.286 febs [main] INFO  o.s.w.s.m.m.a.RequestMappingHandlerMapping - Mapped "{[/recharge/getUser]}" onto public cn.hu.common.domain.ResponseBo cn.hu.system.controller.RechargeController.getUser(java.lang.Long)
22:59:56.288 febs [main] INFO  o.s.w.s.m.m.a.RequestMappingHandlerMapping - Mapped "{[/recharge/excel]}" onto public cn.hu.common.domain.ResponseBo cn.hu.system.controller.RechargeController.userExcel(cn.hu.system.domain.User)
22:59:56.288 febs [main] INFO  o.s.w.s.m.m.a.RequestMappingHandlerMapping - Mapped "{[/recharge/profile]}" onto public java.lang.String cn.hu.system.controller.RechargeController.profileIndex(org.springframework.ui.Model)
22:59:56.289 febs [main] INFO  o.s.w.s.m.m.a.RequestMappingHandlerMapping - Mapped "{[/recharge/delete]}" onto public cn.hu.common.domain.ResponseBo cn.hu.system.controller.RechargeController.deleteUsers(java.lang.String)
22:59:56.290 febs [main] INFO  o.s.w.s.m.m.a.RequestMappingHandlerMapping - Mapped "{[/recharge/updatePassword]}" onto public cn.hu.common.domain.ResponseBo cn.hu.system.controller.RechargeController.updatePassword(java.lang.String)
22:59:56.290 febs [main] INFO  o.s.w.s.m.m.a.RequestMappingHandlerMapping - Mapped "{[/recharge/getUserProfile]}" onto public cn.hu.common.domain.ResponseBo cn.hu.system.controller.RechargeController.getUserProfile(java.lang.Long)
22:59:56.291 febs [main] INFO  o.s.w.s.m.m.a.RequestMappingHandlerMapping - Mapped "{[/recharge/csv]}" onto public cn.hu.common.domain.ResponseBo cn.hu.system.controller.RechargeController.userCsv(cn.hu.system.domain.User)
22:59:56.291 febs [main] INFO  o.s.w.s.m.m.a.RequestMappingHandlerMapping - Mapped "{[/recharge/theme]}" onto public cn.hu.common.domain.ResponseBo cn.hu.system.controller.RechargeController.updateTheme(cn.hu.system.domain.User)
22:59:56.292 febs [main] INFO  o.s.w.s.m.m.a.RequestMappingHandlerMapping - Mapped "{[/recharge/update]}" onto public cn.hu.common.domain.ResponseBo cn.hu.system.controller.RechargeController.updateUser(cn.hu.system.domain.User,java.lang.Long[])
22:59:56.292 febs [main] INFO  o.s.w.s.m.m.a.RequestMappingHandlerMapping - Mapped "{[/recharge/changeAvatar]}" onto public cn.hu.common.domain.ResponseBo cn.hu.system.controller.RechargeController.changeAvatar(java.lang.String)
22:59:56.294 febs [main] INFO  o.s.w.s.m.m.a.RequestMappingHandlerMapping - Mapped "{[/redis/get]}" onto public cn.hu.common.domain.ResponseBo cn.hu.system.controller.RedisController.get(java.lang.String)
22:59:56.296 febs [main] INFO  o.s.w.s.m.m.a.RequestMappingHandlerMapping - Mapped "{[/redis/keys]}" onto public cn.hu.common.domain.ResponseBo cn.hu.system.controller.RedisController.keys(java.lang.String)
22:59:56.296 febs [main] INFO  o.s.w.s.m.m.a.RequestMappingHandlerMapping - Mapped "{[/redis/set]}" onto public cn.hu.common.domain.ResponseBo cn.hu.system.controller.RedisController.set(java.lang.String)
22:59:56.296 febs [main] INFO  o.s.w.s.m.m.a.RequestMappingHandlerMapping - Mapped "{[/redis/exists]}" onto public cn.hu.common.domain.ResponseBo cn.hu.system.controller.RedisController.exists(java.lang.String)
22:59:56.297 febs [main] INFO  o.s.w.s.m.m.a.RequestMappingHandlerMapping - Mapped "{[/redis/del]}" onto public cn.hu.common.domain.ResponseBo cn.hu.system.controller.RedisController.del(java.lang.String)
22:59:56.297 febs [main] INFO  o.s.w.s.m.m.a.RequestMappingHandlerMapping - Mapped "{[/redis/keysSize]}" onto public java.lang.String cn.hu.system.controller.RedisController.getKeysSize()
22:59:56.297 febs [main] INFO  o.s.w.s.m.m.a.RequestMappingHandlerMapping - Mapped "{[/redis/memoryInfo]}" onto public java.lang.String cn.hu.system.controller.RedisController.getMemoryInfo()
22:59:56.297 febs [main] INFO  o.s.w.s.m.m.a.RequestMappingHandlerMapping - Mapped "{[/redis/pttl]}" onto public cn.hu.common.domain.ResponseBo cn.hu.system.controller.RedisController.pttl(java.lang.String)
22:59:56.298 febs [main] INFO  o.s.w.s.m.m.a.RequestMappingHandlerMapping - Mapped "{[/redis/info]}" onto public java.lang.String cn.hu.system.controller.RedisController.getRedisInfo(org.springframework.ui.Model)
22:59:56.298 febs [main] INFO  o.s.w.s.m.m.a.RequestMappingHandlerMapping - Mapped "{[/redis/pexpire]}" onto public cn.hu.common.domain.ResponseBo cn.hu.system.controller.RedisController.pexpire(java.lang.String)
22:59:56.298 febs [main] INFO  o.s.w.s.m.m.a.RequestMappingHandlerMapping - Mapped "{[/redis/terminal]}" onto public java.lang.String cn.hu.system.controller.RedisController.redisTerminal(org.springframework.ui.Model)
22:59:56.299 febs [main] INFO  o.s.w.s.m.m.a.RequestMappingHandlerMapping - Mapped "{[/role]}" onto public java.lang.String cn.hu.system.controller.RoleController.index()
22:59:56.300 febs [main] INFO  o.s.w.s.m.m.a.RequestMappingHandlerMapping - Mapped "{[/role/getRole]}" onto public cn.hu.common.domain.ResponseBo cn.hu.system.controller.RoleController.getRole(java.lang.Long)
22:59:56.300 febs [main] INFO  o.s.w.s.m.m.a.RequestMappingHandlerMapping - Mapped "{[/role/add]}" onto public cn.hu.common.domain.ResponseBo cn.hu.system.controller.RoleController.addRole(cn.hu.system.domain.Role,java.lang.Long[])
22:59:56.302 febs [main] INFO  o.s.w.s.m.m.a.RequestMappingHandlerMapping - Mapped "{[/role/list]}" onto public java.util.Map<java.lang.String, java.lang.Object> cn.hu.system.controller.RoleController.roleList(cn.hu.common.domain.QueryRequest,cn.hu.system.domain.Role)
22:59:56.303 febs [main] INFO  o.s.w.s.m.m.a.RequestMappingHandlerMapping - Mapped "{[/role/update]}" onto public cn.hu.common.domain.ResponseBo cn.hu.system.controller.RoleController.updateRole(cn.hu.system.domain.Role,java.lang.Long[])
22:59:56.306 febs [main] INFO  o.s.w.s.m.m.a.RequestMappingHandlerMapping - Mapped "{[/role/checkRoleName]}" onto public boolean cn.hu.system.controller.RoleController.checkRoleName(java.lang.String,java.lang.String)
22:59:56.307 febs [main] INFO  o.s.w.s.m.m.a.RequestMappingHandlerMapping - Mapped "{[/role/csv]}" onto public cn.hu.common.domain.ResponseBo cn.hu.system.controller.RoleController.roleCsv(cn.hu.system.domain.Role)
22:59:56.309 febs [main] INFO  o.s.w.s.m.m.a.RequestMappingHandlerMapping - Mapped "{[/role/delete]}" onto public cn.hu.common.domain.ResponseBo cn.hu.system.controller.RoleController.deleteRoles(java.lang.String)
22:59:56.309 febs [main] INFO  o.s.w.s.m.m.a.RequestMappingHandlerMapping - Mapped "{[/role/excel]}" onto public cn.hu.common.domain.ResponseBo cn.hu.system.controller.RoleController.roleExcel(cn.hu.system.domain.Role)
22:59:56.309 febs [main] INFO  o.s.w.s.m.m.a.RequestMappingHandlerMapping - Mapped "{[/session/list]}" onto public java.util.Map<java.lang.String, java.lang.Object> cn.hu.system.controller.SessionController.list()
22:59:56.309 febs [main] INFO  o.s.w.s.m.m.a.RequestMappingHandlerMapping - Mapped "{[/session]}" onto public java.lang.String cn.hu.system.controller.SessionController.online()
22:59:56.310 febs [main] INFO  o.s.w.s.m.m.a.RequestMappingHandlerMapping - Mapped "{[/session/forceLogout]}" onto public cn.hu.common.domain.ResponseBo cn.hu.system.controller.SessionController.forceLogout(java.lang.String)
22:59:56.312 febs [main] INFO  o.s.w.s.m.m.a.RequestMappingHandlerMapping - Mapped "{[/statistics]}" onto public java.lang.String cn.hu.system.controller.StatisticsController.index(org.springframework.ui.Model)
22:59:56.312 febs [main] INFO  o.s.w.s.m.m.a.RequestMappingHandlerMapping - Mapped "{[/statistics/list]}" onto public java.util.Map<java.lang.String, java.lang.Object> cn.hu.system.controller.StatisticsController.userList(cn.hu.common.domain.QueryRequest,cn.hu.system.domain.User)
22:59:56.313 febs [main] INFO  o.s.w.s.m.m.a.RequestMappingHandlerMapping - Mapped "{[/statistics/add]}" onto public cn.hu.common.domain.ResponseBo cn.hu.system.controller.StatisticsController.addUser(cn.hu.system.domain.User,java.lang.Long[])
22:59:56.313 febs [main] INFO  o.s.w.s.m.m.a.RequestMappingHandlerMapping - Mapped "{[/statistics/updateUserProfile]}" onto public cn.hu.common.domain.ResponseBo cn.hu.system.controller.StatisticsController.updateUserProfile(cn.hu.system.domain.User)
22:59:56.313 febs [main] INFO  o.s.w.s.m.m.a.RequestMappingHandlerMapping - Mapped "{[/statistics/checkPassword]}" onto public boolean cn.hu.system.controller.StatisticsController.checkPassword(java.lang.String)
22:59:56.313 febs [main] INFO  o.s.w.s.m.m.a.RequestMappingHandlerMapping - Mapped "{[/statistics/checkUserName]}" onto public boolean cn.hu.system.controller.StatisticsController.checkUserName(java.lang.String,java.lang.String)
22:59:56.313 febs [main] INFO  o.s.w.s.m.m.a.RequestMappingHandlerMapping - Mapped "{[/statistics/regist]}" onto public cn.hu.common.domain.ResponseBo cn.hu.system.controller.StatisticsController.regist(cn.hu.system.domain.User)
22:59:56.313 febs [main] INFO  o.s.w.s.m.m.a.RequestMappingHandlerMapping - Mapped "{[/statistics/getUser]}" onto public cn.hu.common.domain.ResponseBo cn.hu.system.controller.StatisticsController.getUser(java.lang.Long)
22:59:56.314 febs [main] INFO  o.s.w.s.m.m.a.RequestMappingHandlerMapping - Mapped "{[/statistics/excel]}" onto public cn.hu.common.domain.ResponseBo cn.hu.system.controller.StatisticsController.userExcel(cn.hu.system.domain.User)
22:59:56.314 febs [main] INFO  o.s.w.s.m.m.a.RequestMappingHandlerMapping - Mapped "{[/statistics/profile]}" onto public java.lang.String cn.hu.system.controller.StatisticsController.profileIndex(org.springframework.ui.Model)
22:59:56.315 febs [main] INFO  o.s.w.s.m.m.a.RequestMappingHandlerMapping - Mapped "{[/statistics/delete]}" onto public cn.hu.common.domain.ResponseBo cn.hu.system.controller.StatisticsController.deleteUsers(java.lang.String)
22:59:56.315 febs [main] INFO  o.s.w.s.m.m.a.RequestMappingHandlerMapping - Mapped "{[/statistics/updatePassword]}" onto public cn.hu.common.domain.ResponseBo cn.hu.system.controller.StatisticsController.updatePassword(java.lang.String)
22:59:56.316 febs [main] INFO  o.s.w.s.m.m.a.RequestMappingHandlerMapping - Mapped "{[/statistics/getUserProfile]}" onto public cn.hu.common.domain.ResponseBo cn.hu.system.controller.StatisticsController.getUserProfile(java.lang.Long)
22:59:56.316 febs [main] INFO  o.s.w.s.m.m.a.RequestMappingHandlerMapping - Mapped "{[/statistics/csv]}" onto public cn.hu.common.domain.ResponseBo cn.hu.system.controller.StatisticsController.userCsv(cn.hu.system.domain.User)
22:59:56.316 febs [main] INFO  o.s.w.s.m.m.a.RequestMappingHandlerMapping - Mapped "{[/statistics/theme]}" onto public cn.hu.common.domain.ResponseBo cn.hu.system.controller.StatisticsController.updateTheme(cn.hu.system.domain.User)
22:59:56.316 febs [main] INFO  o.s.w.s.m.m.a.RequestMappingHandlerMapping - Mapped "{[/statistics/update]}" onto public cn.hu.common.domain.ResponseBo cn.hu.system.controller.StatisticsController.updateUser(cn.hu.system.domain.User,java.lang.Long[])
22:59:56.316 febs [main] INFO  o.s.w.s.m.m.a.RequestMappingHandlerMapping - Mapped "{[/statistics/changeAvatar]}" onto public cn.hu.common.domain.ResponseBo cn.hu.system.controller.StatisticsController.changeAvatar(java.lang.String)
22:59:56.319 febs [main] INFO  o.s.w.s.m.m.a.RequestMappingHandlerMapping - Mapped "{[/storage]}" onto public java.lang.String cn.hu.system.controller.StorageController.index(org.springframework.ui.Model)
22:59:56.319 febs [main] INFO  o.s.w.s.m.m.a.RequestMappingHandlerMapping - Mapped "{[/storage/list]}" onto public java.util.Map<java.lang.String, java.lang.Object> cn.hu.system.controller.StorageController.userList(cn.hu.common.domain.QueryRequest,cn.hu.system.domain.User)
22:59:56.320 febs [main] INFO  o.s.w.s.m.m.a.RequestMappingHandlerMapping - Mapped "{[/storage/add]}" onto public cn.hu.common.domain.ResponseBo cn.hu.system.controller.StorageController.addUser(cn.hu.system.domain.User,java.lang.Long[])
22:59:56.320 febs [main] INFO  o.s.w.s.m.m.a.RequestMappingHandlerMapping - Mapped "{[/storage/updateUserProfile]}" onto public cn.hu.common.domain.ResponseBo cn.hu.system.controller.StorageController.updateUserProfile(cn.hu.system.domain.User)
22:59:56.320 febs [main] INFO  o.s.w.s.m.m.a.RequestMappingHandlerMapping - Mapped "{[/storage/checkPassword]}" onto public boolean cn.hu.system.controller.StorageController.checkPassword(java.lang.String)
22:59:56.323 febs [main] INFO  o.s.w.s.m.m.a.RequestMappingHandlerMapping - Mapped "{[/storage/checkUserName]}" onto public boolean cn.hu.system.controller.StorageController.checkUserName(java.lang.String,java.lang.String)
22:59:56.324 febs [main] INFO  o.s.w.s.m.m.a.RequestMappingHandlerMapping - Mapped "{[/storage/regist]}" onto public cn.hu.common.domain.ResponseBo cn.hu.system.controller.StorageController.regist(cn.hu.system.domain.User)
22:59:56.324 febs [main] INFO  o.s.w.s.m.m.a.RequestMappingHandlerMapping - Mapped "{[/storage/getUser]}" onto public cn.hu.common.domain.ResponseBo cn.hu.system.controller.StorageController.getUser(java.lang.Long)
22:59:56.324 febs [main] INFO  o.s.w.s.m.m.a.RequestMappingHandlerMapping - Mapped "{[/storage/excel]}" onto public cn.hu.common.domain.ResponseBo cn.hu.system.controller.StorageController.userExcel(cn.hu.system.domain.User)
22:59:56.325 febs [main] INFO  o.s.w.s.m.m.a.RequestMappingHandlerMapping - Mapped "{[/storage/profile]}" onto public java.lang.String cn.hu.system.controller.StorageController.profileIndex(org.springframework.ui.Model)
22:59:56.325 febs [main] INFO  o.s.w.s.m.m.a.RequestMappingHandlerMapping - Mapped "{[/storage/delete]}" onto public cn.hu.common.domain.ResponseBo cn.hu.system.controller.StorageController.deleteUsers(java.lang.String)
22:59:56.325 febs [main] INFO  o.s.w.s.m.m.a.RequestMappingHandlerMapping - Mapped "{[/storage/updatePassword]}" onto public cn.hu.common.domain.ResponseBo cn.hu.system.controller.StorageController.updatePassword(java.lang.String)
22:59:56.325 febs [main] INFO  o.s.w.s.m.m.a.RequestMappingHandlerMapping - Mapped "{[/storage/getUserProfile]}" onto public cn.hu.common.domain.ResponseBo cn.hu.system.controller.StorageController.getUserProfile(java.lang.Long)
22:59:56.325 febs [main] INFO  o.s.w.s.m.m.a.RequestMappingHandlerMapping - Mapped "{[/storage/csv]}" onto public cn.hu.common.domain.ResponseBo cn.hu.system.controller.StorageController.userCsv(cn.hu.system.domain.User)
22:59:56.326 febs [main] INFO  o.s.w.s.m.m.a.RequestMappingHandlerMapping - Mapped "{[/storage/theme]}" onto public cn.hu.common.domain.ResponseBo cn.hu.system.controller.StorageController.updateTheme(cn.hu.system.domain.User)
22:59:56.326 febs [main] INFO  o.s.w.s.m.m.a.RequestMappingHandlerMapping - Mapped "{[/storage/update]}" onto public cn.hu.common.domain.ResponseBo cn.hu.system.controller.StorageController.updateUser(cn.hu.system.domain.User,java.lang.Long[])
22:59:56.326 febs [main] INFO  o.s.w.s.m.m.a.RequestMappingHandlerMapping - Mapped "{[/storage/changeAvatar]}" onto public cn.hu.common.domain.ResponseBo cn.hu.system.controller.StorageController.changeAvatar(java.lang.String)
22:59:56.329 febs [main] INFO  o.s.w.s.m.m.a.RequestMappingHandlerMapping - Mapped "{[/talent]}" onto public java.lang.String cn.hu.system.controller.TalentController.index(org.springframework.ui.Model)
22:59:56.330 febs [main] INFO  o.s.w.s.m.m.a.RequestMappingHandlerMapping - Mapped "{[/talent/list]}" onto public java.util.Map<java.lang.String, java.lang.Object> cn.hu.system.controller.TalentController.userList(cn.hu.common.domain.QueryRequest,cn.hu.system.domain.User)
22:59:56.330 febs [main] INFO  o.s.w.s.m.m.a.RequestMappingHandlerMapping - Mapped "{[/talent/add]}" onto public cn.hu.common.domain.ResponseBo cn.hu.system.controller.TalentController.addUser(cn.hu.system.domain.User,java.lang.Long[])
22:59:56.331 febs [main] INFO  o.s.w.s.m.m.a.RequestMappingHandlerMapping - Mapped "{[/talent/updateUserProfile]}" onto public cn.hu.common.domain.ResponseBo cn.hu.system.controller.TalentController.updateUserProfile(cn.hu.system.domain.User)
22:59:56.331 febs [main] INFO  o.s.w.s.m.m.a.RequestMappingHandlerMapping - Mapped "{[/talent/checkPassword]}" onto public boolean cn.hu.system.controller.TalentController.checkPassword(java.lang.String)
22:59:56.332 febs [main] INFO  o.s.w.s.m.m.a.RequestMappingHandlerMapping - Mapped "{[/talent/checkUserName]}" onto public boolean cn.hu.system.controller.TalentController.checkUserName(java.lang.String,java.lang.String)
22:59:56.332 febs [main] INFO  o.s.w.s.m.m.a.RequestMappingHandlerMapping - Mapped "{[/talent/regist]}" onto public cn.hu.common.domain.ResponseBo cn.hu.system.controller.TalentController.regist(cn.hu.system.domain.User)
22:59:56.332 febs [main] INFO  o.s.w.s.m.m.a.RequestMappingHandlerMapping - Mapped "{[/talent/getUser]}" onto public cn.hu.common.domain.ResponseBo cn.hu.system.controller.TalentController.getUser(java.lang.Long)
22:59:56.332 febs [main] INFO  o.s.w.s.m.m.a.RequestMappingHandlerMapping - Mapped "{[/talent/excel]}" onto public cn.hu.common.domain.ResponseBo cn.hu.system.controller.TalentController.userExcel(cn.hu.system.domain.User)
22:59:56.333 febs [main] INFO  o.s.w.s.m.m.a.RequestMappingHandlerMapping - Mapped "{[/talent/profile]}" onto public java.lang.String cn.hu.system.controller.TalentController.profileIndex(org.springframework.ui.Model)
22:59:56.333 febs [main] INFO  o.s.w.s.m.m.a.RequestMappingHandlerMapping - Mapped "{[/talent/delete]}" onto public cn.hu.common.domain.ResponseBo cn.hu.system.controller.TalentController.deleteUsers(java.lang.String)
22:59:56.333 febs [main] INFO  o.s.w.s.m.m.a.RequestMappingHandlerMapping - Mapped "{[/talent/updatePassword]}" onto public cn.hu.common.domain.ResponseBo cn.hu.system.controller.TalentController.updatePassword(java.lang.String)
22:59:56.333 febs [main] INFO  o.s.w.s.m.m.a.RequestMappingHandlerMapping - Mapped "{[/talent/getUserProfile]}" onto public cn.hu.common.domain.ResponseBo cn.hu.system.controller.TalentController.getUserProfile(java.lang.Long)
22:59:56.333 febs [main] INFO  o.s.w.s.m.m.a.RequestMappingHandlerMapping - Mapped "{[/talent/csv]}" onto public cn.hu.common.domain.ResponseBo cn.hu.system.controller.TalentController.userCsv(cn.hu.system.domain.User)
22:59:56.333 febs [main] INFO  o.s.w.s.m.m.a.RequestMappingHandlerMapping - Mapped "{[/talent/theme]}" onto public cn.hu.common.domain.ResponseBo cn.hu.system.controller.TalentController.updateTheme(cn.hu.system.domain.User)
22:59:56.333 febs [main] INFO  o.s.w.s.m.m.a.RequestMappingHandlerMapping - Mapped "{[/talent/update]}" onto public cn.hu.common.domain.ResponseBo cn.hu.system.controller.TalentController.updateUser(cn.hu.system.domain.User,java.lang.Long[])
22:59:56.334 febs [main] INFO  o.s.w.s.m.m.a.RequestMappingHandlerMapping - Mapped "{[/talent/changeAvatar]}" onto public cn.hu.common.domain.ResponseBo cn.hu.system.controller.TalentController.changeAvatar(java.lang.String)
22:59:56.335 febs [main] INFO  o.s.w.s.m.m.a.RequestMappingHandlerMapping - Mapped "{[/withdraw]}" onto public java.lang.String cn.hu.system.controller.WithDrawController.index(org.springframework.ui.Model)
22:59:56.337 febs [main] INFO  o.s.w.s.m.m.a.RequestMappingHandlerMapping - Mapped "{[/withdraw/list]}" onto public java.util.Map<java.lang.String, java.lang.Object> cn.hu.system.controller.WithDrawController.userList(cn.hu.common.domain.QueryRequest,cn.hu.system.domain.User)
22:59:56.337 febs [main] INFO  o.s.w.s.m.m.a.RequestMappingHandlerMapping - Mapped "{[/withdraw/add]}" onto public cn.hu.common.domain.ResponseBo cn.hu.system.controller.WithDrawController.addUser(cn.hu.system.domain.User,java.lang.Long[])
22:59:56.338 febs [main] INFO  o.s.w.s.m.m.a.RequestMappingHandlerMapping - Mapped "{[/withdraw/updateUserProfile]}" onto public cn.hu.common.domain.ResponseBo cn.hu.system.controller.WithDrawController.updateUserProfile(cn.hu.system.domain.User)
22:59:56.338 febs [main] INFO  o.s.w.s.m.m.a.RequestMappingHandlerMapping - Mapped "{[/withdraw/checkPassword]}" onto public boolean cn.hu.system.controller.WithDrawController.checkPassword(java.lang.String)
22:59:56.338 febs [main] INFO  o.s.w.s.m.m.a.RequestMappingHandlerMapping - Mapped "{[/withdraw/checkUserName]}" onto public boolean cn.hu.system.controller.WithDrawController.checkUserName(java.lang.String,java.lang.String)
22:59:56.338 febs [main] INFO  o.s.w.s.m.m.a.RequestMappingHandlerMapping - Mapped "{[/withdraw/regist]}" onto public cn.hu.common.domain.ResponseBo cn.hu.system.controller.WithDrawController.regist(cn.hu.system.domain.User)
22:59:56.339 febs [main] INFO  o.s.w.s.m.m.a.RequestMappingHandlerMapping - Mapped "{[/withdraw/getUser]}" onto public cn.hu.common.domain.ResponseBo cn.hu.system.controller.WithDrawController.getUser(java.lang.Long)
22:59:56.340 febs [main] INFO  o.s.w.s.m.m.a.RequestMappingHandlerMapping - Mapped "{[/withdraw/excel]}" onto public cn.hu.common.domain.ResponseBo cn.hu.system.controller.WithDrawController.userExcel(cn.hu.system.domain.User)
22:59:56.340 febs [main] INFO  o.s.w.s.m.m.a.RequestMappingHandlerMapping - Mapped "{[/withdraw/profile]}" onto public java.lang.String cn.hu.system.controller.WithDrawController.profileIndex(org.springframework.ui.Model)
22:59:56.341 febs [main] INFO  o.s.w.s.m.m.a.RequestMappingHandlerMapping - Mapped "{[/withdraw/delete]}" onto public cn.hu.common.domain.ResponseBo cn.hu.system.controller.WithDrawController.deleteUsers(java.lang.String)
22:59:56.341 febs [main] INFO  o.s.w.s.m.m.a.RequestMappingHandlerMapping - Mapped "{[/withdraw/updatePassword]}" onto public cn.hu.common.domain.ResponseBo cn.hu.system.controller.WithDrawController.updatePassword(java.lang.String)
22:59:56.341 febs [main] INFO  o.s.w.s.m.m.a.RequestMappingHandlerMapping - Mapped "{[/withdraw/getUserProfile]}" onto public cn.hu.common.domain.ResponseBo cn.hu.system.controller.WithDrawController.getUserProfile(java.lang.Long)
22:59:56.341 febs [main] INFO  o.s.w.s.m.m.a.RequestMappingHandlerMapping - Mapped "{[/withdraw/csv]}" onto public cn.hu.common.domain.ResponseBo cn.hu.system.controller.WithDrawController.userCsv(cn.hu.system.domain.User)
22:59:56.341 febs [main] INFO  o.s.w.s.m.m.a.RequestMappingHandlerMapping - Mapped "{[/withdraw/theme]}" onto public cn.hu.common.domain.ResponseBo cn.hu.system.controller.WithDrawController.updateTheme(cn.hu.system.domain.User)
22:59:56.342 febs [main] INFO  o.s.w.s.m.m.a.RequestMappingHandlerMapping - Mapped "{[/withdraw/update]}" onto public cn.hu.common.domain.ResponseBo cn.hu.system.controller.WithDrawController.updateUser(cn.hu.system.domain.User,java.lang.Long[])
22:59:56.342 febs [main] INFO  o.s.w.s.m.m.a.RequestMappingHandlerMapping - Mapped "{[/withdraw/changeAvatar]}" onto public cn.hu.common.domain.ResponseBo cn.hu.system.controller.WithDrawController.changeAvatar(java.lang.String)
22:59:56.343 febs [main] INFO  o.s.w.s.m.m.a.RequestMappingHandlerMapping - Mapped "{[/article]}" onto public java.lang.String cn.hu.web.controller.ArticleController.index()
22:59:56.343 febs [main] INFO  o.s.w.s.m.m.a.RequestMappingHandlerMapping - Mapped "{[/article/query]}" onto public cn.hu.common.domain.ResponseBo cn.hu.web.controller.ArticleController.queryArticle(java.lang.String)
22:59:56.345 febs [main] INFO  o.s.w.s.m.m.a.RequestMappingHandlerMapping - Mapped "{[/movie/hot]}" onto public java.lang.String cn.hu.web.controller.MovieController.movieHot()
22:59:56.345 febs [main] INFO  o.s.w.s.m.m.a.RequestMappingHandlerMapping - Mapped "{[/movie/getMovieHot]}" onto public cn.hu.common.domain.ResponseBo cn.hu.web.controller.MovieController.getMoiveHot()
22:59:56.345 febs [main] INFO  o.s.w.s.m.m.a.RequestMappingHandlerMapping - Mapped "{[/movie/detail]}" onto public cn.hu.common.domain.ResponseBo cn.hu.web.controller.MovieController.getDetail(java.lang.String)
22:59:56.345 febs [main] INFO  o.s.w.s.m.m.a.RequestMappingHandlerMapping - Mapped "{[/movie/coming]}" onto public java.lang.String cn.hu.web.controller.MovieController.movieComing()
22:59:56.346 febs [main] INFO  o.s.w.s.m.m.a.RequestMappingHandlerMapping - Mapped "{[/movie/getMovieComing]}" onto public cn.hu.common.domain.ResponseBo cn.hu.web.controller.MovieController.getMovieComing()
22:59:56.346 febs [main] INFO  o.s.w.s.m.m.a.RequestMappingHandlerMapping - Mapped "{[/movie/comments]}" onto public cn.hu.common.domain.ResponseBo cn.hu.web.controller.MovieController.getComments(java.lang.String)
22:59:56.347 febs [main] INFO  o.s.w.s.m.m.a.RequestMappingHandlerMapping - Mapped "{[/one/essayDetail]}" onto public cn.hu.common.domain.ResponseBo cn.hu.web.controller.OneIsAllController.getEssayDetail(java.lang.String,java.lang.String)
22:59:56.347 febs [main] INFO  o.s.w.s.m.m.a.RequestMappingHandlerMapping - Mapped "{[/one/essayComments]}" onto public cn.hu.common.domain.ResponseBo cn.hu.web.controller.OneIsAllController.getEssayComments(java.lang.String)
22:59:56.348 febs [main] INFO  o.s.w.s.m.m.a.RequestMappingHandlerMapping - Mapped "{[/one/yuwenComments]}" onto public cn.hu.common.domain.ResponseBo cn.hu.web.controller.OneIsAllController.getYuwenComments(java.lang.String)
22:59:56.348 febs [main] INFO  o.s.w.s.m.m.a.RequestMappingHandlerMapping - Mapped "{[/one/readingList]}" onto public cn.hu.common.domain.ResponseBo cn.hu.web.controller.OneIsAllController.getReadingList()
22:59:56.348 febs [main] INFO  o.s.w.s.m.m.a.RequestMappingHandlerMapping - Mapped "{[/one/essay]}" onto public java.lang.String cn.hu.web.controller.OneIsAllController.essayIndex()
22:59:56.348 febs [main] INFO  o.s.w.s.m.m.a.RequestMappingHandlerMapping - Mapped "{[/one/painting]}" onto public java.lang.String cn.hu.web.controller.OneIsAllController.paintIndex()
22:59:56.349 febs [main] INFO  o.s.w.s.m.m.a.RequestMappingHandlerMapping - Mapped "{[/one/oneList]}" onto public cn.hu.common.domain.ResponseBo cn.hu.web.controller.OneIsAllController.getOneList()
22:59:56.349 febs [main] INFO  o.s.w.s.m.m.a.RequestMappingHandlerMapping - Mapped "{[/one/yuwen]}" onto public java.lang.String cn.hu.web.controller.OneIsAllController.yuwenIndex()
22:59:56.349 febs [main] INFO  o.s.w.s.m.m.a.RequestMappingHandlerMapping - Mapped "{[/one/yuwenDetail]}" onto public cn.hu.common.domain.ResponseBo cn.hu.web.controller.OneIsAllController.getYuwenDetail(java.lang.String,java.lang.String)
22:59:56.349 febs [main] INFO  o.s.w.s.m.m.a.RequestMappingHandlerMapping - Mapped "{[/weather]}" onto public java.lang.String cn.hu.web.controller.WeatherController.weather()
22:59:56.350 febs [main] INFO  o.s.w.s.m.m.a.RequestMappingHandlerMapping - Mapped "{[/weather/query]}" onto public cn.hu.common.domain.ResponseBo cn.hu.web.controller.WeatherController.queryWeather(java.lang.String)
22:59:56.353 febs [main] INFO  o.s.w.s.m.m.a.RequestMappingHandlerMapping - Mapped "{[/error]}" onto public org.springframework.http.ResponseEntity<java.util.Map<java.lang.String, java.lang.Object>> org.springframework.boot.autoconfigure.web.servlet.error.BasicErrorController.error(javax.servlet.http.HttpServletRequest)
22:59:56.354 febs [main] INFO  o.s.w.s.m.m.a.RequestMappingHandlerMapping - Mapped "{[/error],produces=[text/html]}" onto public org.springframework.web.servlet.ModelAndView org.springframework.boot.autoconfigure.web.servlet.error.BasicErrorController.errorHtml(javax.servlet.http.HttpServletRequest,javax.servlet.http.HttpServletResponse)
22:59:56.421 febs [main] INFO  o.s.w.s.h.SimpleUrlHandlerMapping - Mapped URL path [/webjars/**] onto handler of type [class org.springframework.web.servlet.resource.ResourceHttpRequestHandler]
22:59:56.421 febs [main] INFO  o.s.w.s.h.SimpleUrlHandlerMapping - Mapped URL path [/**] onto handler of type [class org.springframework.web.servlet.resource.ResourceHttpRequestHandler]
22:59:56.451 febs [main] INFO  o.s.w.s.m.m.a.ExceptionHandlerExceptionResolver - Detected @ExceptionHandler methods in globalExceptionHandler
22:59:56.584 febs [main] INFO  o.s.b.a.w.s.WelcomePageHandlerMapping - Adding welcome page template: index
22:59:57.135 febs [main] INFO  org.quartz.impl.StdSchedulerFactory - Using default implementation for ThreadExecutor
22:59:57.144 febs [main] INFO  o.quartz.core.SchedulerSignalerImpl - Initialized Scheduler Signaller of type: class org.quartz.core.SchedulerSignalerImpl
22:59:57.144 febs [main] INFO  org.quartz.core.QuartzScheduler - Quartz Scheduler v.2.3.0 created.
22:59:57.145 febs [main] INFO  org.quartz.simpl.RAMJobStore - RAMJobStore initialized.
22:59:57.145 febs [main] INFO  org.quartz.core.QuartzScheduler - Scheduler meta-data: Quartz Scheduler (v2.3.0) 'quartzScheduler' with instanceId 'NON_CLUSTERED'
  Scheduler class: 'org.quartz.core.QuartzScheduler' - running locally.
  NOT STARTED.
  Currently in standby mode.
  Number of jobs executed: 0
  Using thread pool 'org.quartz.simpl.SimpleThreadPool' - with 10 threads.
  Using job-store 'org.quartz.simpl.RAMJobStore' - which does not support persistence. and is not clustered.

22:59:57.145 febs [main] INFO  org.quartz.impl.StdSchedulerFactory - Quartz scheduler 'quartzScheduler' initialized from an externally provided properties instance.
22:59:57.145 febs [main] INFO  org.quartz.impl.StdSchedulerFactory - Quartz scheduler version: 2.3.0
22:59:57.146 febs [main] INFO  org.quartz.core.QuartzScheduler - JobFactory set to: org.springframework.boot.autoconfigure.quartz.AutowireCapableBeanJobFactory@18a98913
22:59:57.569 febs [main] INFO  o.s.j.e.a.AnnotationMBeanExporter - Registering beans for JMX exposure on startup
22:59:57.571 febs [main] INFO  o.s.j.e.a.AnnotationMBeanExporter - Bean with name 'statFilter' has been autodetected for JMX exposure
22:59:57.572 febs [main] INFO  o.s.j.e.a.AnnotationMBeanExporter - Bean with name 'dataSource' has been autodetected for JMX exposure
22:59:57.577 febs [main] INFO  o.s.j.e.a.AnnotationMBeanExporter - Located MBean 'dataSource': registering with JMX server as MBean [com.alibaba.druid.spring.boot.autoconfigure:name=dataSource,type=DruidDataSourceWrapper]
22:59:57.578 febs [main] INFO  o.s.j.e.a.AnnotationMBeanExporter - Located MBean 'statFilter': registering with JMX server as MBean [com.alibaba.druid.filter.stat:name=statFilter,type=StatFilter]
22:59:57.582 febs [main] INFO  o.s.c.s.DefaultLifecycleProcessor - Starting beans in phase 2147483647
22:59:57.582 febs [main] INFO  o.s.s.quartz.SchedulerFactoryBean - Starting Quartz Scheduler now
22:59:57.582 febs [main] INFO  org.quartz.core.QuartzScheduler - Scheduler quartzScheduler_$_NON_CLUSTERED started.
22:59:57.589 febs [main] INFO  o.a.coyote.http11.Http11NioProtocol - Starting ProtocolHandler ["http-nio-8080"]
22:59:57.597 febs [main] INFO  o.a.tomcat.util.net.NioSelectorPool - Using a shared selector for servlet write/read
22:59:57.610 febs [main] INFO  o.s.b.w.e.tomcat.TomcatWebServer - Tomcat started on port(s): 8080 (http) with context path ''
22:59:57.613 febs [main] INFO  cn.hu.Application - Started Application in 6.707 seconds (JVM running for 7.409)
22:59:57.619 febs [main] INFO  cn.hu.Application -  started up successfully at 2019-02-16 22:59:57.619 
23:00:05.311 febs [http-nio-8080-exec-2] INFO  o.a.c.c.C.[Tomcat].[localhost].[/] - Initializing Spring FrameworkServlet 'dispatcherServlet'
23:00:05.311 febs [http-nio-8080-exec-2] INFO  o.s.web.servlet.DispatcherServlet - FrameworkServlet 'dispatcherServlet': initialization started
23:00:05.348 febs [http-nio-8080-exec-2] INFO  o.s.web.servlet.DispatcherServlet - FrameworkServlet 'dispatcherServlet': initialization completed in 37 ms
23:00:05.367 febs [http-nio-8080-exec-2] INFO  o.a.s.s.m.AbstractValidatingSessionManager - Enabling session validation scheduler...
23:00:12.053 febs [http-nio-8080-exec-7] INFO  c.h.c.i.SqlStatementInterceptor - SQLId>>>> cn.hu.system.dao.UserMapper.selectByExample
23:00:12.053 febs [http-nio-8080-exec-7] INFO  c.h.c.i.SqlStatementInterceptor - SQL>>>> 26 ms
23:00:12.053 febs [http-nio-8080-exec-7] INFO  c.h.c.i.SqlStatementInterceptor - SQL>>>> SELECT USER_ID,USERNAME,PASSWORD,DEPT_ID,FRONT,BACK,EMAIL,MOBILE,STATUS,CRATE_TIME,MODIFY_TIME,LAST_LOGIN_TIME,SSEX,THEME,AVATAR,DESCRIPTION FROM t_user WHERE ( lower(username)= 'admin' )
23:00:12.584 febs [http-nio-8080-exec-7] INFO  c.h.c.i.SqlStatementInterceptor - SQLId>>>> cn.hu.system.dao.UserMapper.updateByExampleSelective
23:00:12.584 febs [http-nio-8080-exec-7] INFO  c.h.c.i.SqlStatementInterceptor - SQL>>>> 6 ms
23:00:12.584 febs [http-nio-8080-exec-7] INFO  c.h.c.i.SqlStatementInterceptor - SQL>>>> UPDATE t_user SET STATUS = '1',LAST_LOGIN_TIME = '2019-2-16 23:00:12' WHERE ( lower(username)= 'admin' )
23:00:12.846 febs [asyncTaskExecutor-1] INFO  c.h.c.i.SqlStatementInterceptor - SQLId>>>> cn.hu.system.dao.LogMapper.insert
23:00:12.846 febs [asyncTaskExecutor-1] INFO  c.h.c.i.SqlStatementInterceptor - SQL>>>> 7 ms
23:00:12.846 febs [asyncTaskExecutor-1] INFO  c.h.c.i.SqlStatementInterceptor - SQL>>>> INSERT INTO t_log ( ID,USERNAME,OPERATION,TIME,METHOD,PARAMS,IP,CREATE_TIME,LOCATION ) VALUES( 1927,'admin','',0,'cn.hu.system.controller.LoginController.index()','user: "User [userId=4, username=admin, password=13bfb9844ba36ac930ba142d8c3db629, deptId=5, deptName=null, front=11, back=222, email=googlebrain@163.com, mobile=17600313199, status=1, crateTime=Sun Jan 27 23:47:19 CST 2019, modifyTime=Sun Jan 27 23:55:12 CST 2019, lastLoginTime=Sat Feb 16 22:36:11 CST 2019, ssex=0, theme=green, avatar=20180414165855.jpg, description=, roleName=null]"  org.springframework.validation.BindingResult.user: "org.springframework.validation.BeanPropertyBindingResult: 0 errors"','127.0.0.1','2019-2-16 23:00:12','IP|0|0|IP|IP' )
23:00:14.117 febs [http-nio-8080-exec-5] INFO  c.h.c.i.SqlStatementInterceptor - SQLId>>>> cn.hu.system.dao.MenuMapper.findUserMenus
23:00:14.117 febs [http-nio-8080-exec-5] INFO  c.h.c.i.SqlStatementInterceptor - SQL>>>> 30 ms
23:00:14.117 febs [http-nio-8080-exec-5] INFO  c.h.c.i.SqlStatementInterceptor - SQL>>>> select m.* from t_menu m where m.type <> 1 and m.MENU_ID in (select distinct rm.menu_id from t_role_menu rm left join t_role r on(rm.role_id = r.role_id) left join t_user_role ur on(ur.role_id = r.role_id) left join t_user u on (u.user_id = ur.user_id) where u.username = 'admin') order by m.create_time
23:00:16.806 febs [http-nio-8080-exec-1] INFO  c.h.c.i.SqlStatementInterceptor - SQLId>>>> cn.hu.system.dao.RoleMapper.findUserRole
23:00:16.806 febs [http-nio-8080-exec-1] INFO  c.h.c.i.SqlStatementInterceptor - SQL>>>> 1 ms
23:00:16.806 febs [http-nio-8080-exec-1] INFO  c.h.c.i.SqlStatementInterceptor - SQL>>>> select r.* from t_role r left join t_user_role ur on(r.role_id = ur.role_id) left join t_user u on(u.user_id = ur.user_id) where u.username = 'admin'
23:00:16.811 febs [http-nio-8080-exec-1] INFO  c.h.c.i.SqlStatementInterceptor - SQLId>>>> cn.hu.system.dao.MenuMapper.findUserPermissions
23:00:16.811 febs [http-nio-8080-exec-1] INFO  c.h.c.i.SqlStatementInterceptor - SQL>>>> 4 ms
23:00:16.811 febs [http-nio-8080-exec-1] INFO  c.h.c.i.SqlStatementInterceptor - SQL>>>> select m.perms from t_role r left join t_user_role ur on(r.role_id = ur.role_id) left join t_user u on(u.user_id = ur.user_id) left join t_role_menu rm on(rm.role_id = r.role_id) left join t_menu m on(m.menu_id = rm.menu_id ) where u.username = 'admin' and m.perms is not null and m.perms <> ''
23:00:17.606 febs [http-nio-8080-exec-3] INFO  c.h.c.i.SqlStatementInterceptor - SQLId>>>> cn.hu.system.dao.DeptMapper.selectByExample
23:00:17.606 febs [http-nio-8080-exec-3] INFO  c.h.c.i.SqlStatementInterceptor - SQL>>>> 2 ms
23:00:17.606 febs [http-nio-8080-exec-3] INFO  c.h.c.i.SqlStatementInterceptor - SQL>>>> SELECT DEPT_ID,PARENT_ID,DEPT_NAME,ORDER_NUM,CREATE_TIME FROM t_dept order by dept_id
23:00:17.744 febs [http-nio-8080-exec-6] INFO  c.h.c.i.SqlStatementInterceptor - SQLId>>>> cn.hu.system.dao.RoleMapper.selectByExample_COUNT
23:00:17.744 febs [http-nio-8080-exec-6] INFO  c.h.c.i.SqlStatementInterceptor - SQL>>>> 1 ms
23:00:17.744 febs [http-nio-8080-exec-6] INFO  c.h.c.i.SqlStatementInterceptor - SQL>>>> SELECT ROLE_ID,ROLE_NAME,REMARK,CREATE_TIME,MODIFY_TIME FROM t_role order by create_time
23:00:17.746 febs [http-nio-8080-exec-6] INFO  c.h.c.i.SqlStatementInterceptor - SQLId>>>> cn.hu.system.dao.RoleMapper.selectByExample
23:00:17.746 febs [http-nio-8080-exec-6] INFO  c.h.c.i.SqlStatementInterceptor - SQL>>>> 1 ms
23:00:17.746 febs [http-nio-8080-exec-6] INFO  c.h.c.i.SqlStatementInterceptor - SQL>>>> SELECT ROLE_ID,ROLE_NAME,REMARK,CREATE_TIME,MODIFY_TIME FROM t_role order by create_time
23:00:18.107 febs [asyncTaskExecutor-2] INFO  c.h.c.i.SqlStatementInterceptor - SQLId>>>> cn.hu.system.dao.LogMapper.insert
23:00:18.107 febs [asyncTaskExecutor-2] INFO  c.h.c.i.SqlStatementInterceptor - SQL>>>> 4 ms
23:00:18.107 febs [asyncTaskExecutor-2] INFO  c.h.c.i.SqlStatementInterceptor - SQL>>>> INSERT INTO t_log ( ID,USERNAME,OPERATION,TIME,METHOD,PARAMS,IP,CREATE_TIME,LOCATION ) VALUES( 1928,'admin','',176,'cn.hu.system.controller.TalentController.userList()','request: "QueryRequest{pageSize=10, pageNum=1}"  user: "User [userId=null, username=, password=null, deptId=null, deptName=null, front=null, back=null, email=null, mobile=null, status=, crateTime=null, modifyTime=null, lastLoginTime=null, ssex=null, theme=null, avatar=null, description=null, roleName=null]"','127.0.0.1','2019-2-16 23:00:18','IP|0|0|IP|IP' )
23:00:20.910 febs [http-nio-8080-exec-5] INFO  c.h.c.i.SqlStatementInterceptor - SQLId>>>> cn.hu.system.dao.UserMapper.findUserWithRole
23:00:20.910 febs [http-nio-8080-exec-5] INFO  c.h.c.i.SqlStatementInterceptor - SQL>>>> 3 ms
23:00:20.910 febs [http-nio-8080-exec-5] INFO  c.h.c.i.SqlStatementInterceptor - SQL>>>> select u.user_id userId,u.username,u.dept_id deptId,u.email,u.mobile, u.status,u.ssex,ur.role_id roleId from t_user u left join t_user_role ur on (u.user_id = ur.user_id) where u.user_id = 4
23:02:17.071 febs [RMI TCP Connection(2)-127.0.0.1] INFO  o.s.b.a.SpringApplicationAdminMXBeanRegistrar$SpringApplicationAdmin - Application shutdown requested.
23:02:17.071 febs [RMI TCP Connection(2)-127.0.0.1] INFO  o.s.b.w.s.c.AnnotationConfigServletWebServerApplicationContext - Closing org.springframework.boot.web.servlet.context.AnnotationConfigServletWebServerApplicationContext@175b9425: startup date [Sat Feb 16 22:59:51 CST 2019]; root of context hierarchy
23:02:17.073 febs [RMI TCP Connection(2)-127.0.0.1] INFO  o.s.c.s.DefaultLifecycleProcessor - Stopping beans in phase 2147483647
23:02:17.073 febs [RMI TCP Connection(2)-127.0.0.1] INFO  org.quartz.core.QuartzScheduler - Scheduler quartzScheduler_$_NON_CLUSTERED paused.
23:02:17.074 febs [RMI TCP Connection(2)-127.0.0.1] INFO  o.s.s.quartz.SchedulerFactoryBean - Shutting down Quartz Scheduler
23:02:17.074 febs [RMI TCP Connection(2)-127.0.0.1] INFO  org.quartz.core.QuartzScheduler - Scheduler quartzScheduler_$_NON_CLUSTERED shutting down.
23:02:17.074 febs [RMI TCP Connection(2)-127.0.0.1] INFO  org.quartz.core.QuartzScheduler - Scheduler quartzScheduler_$_NON_CLUSTERED paused.
23:02:17.074 febs [RMI TCP Connection(2)-127.0.0.1] INFO  org.quartz.core.QuartzScheduler - Scheduler quartzScheduler_$_NON_CLUSTERED shutdown complete.
23:02:17.079 febs [RMI TCP Connection(2)-127.0.0.1] INFO  o.s.j.e.a.AnnotationMBeanExporter - Unregistering JMX-exposed beans on shutdown
23:02:17.080 febs [RMI TCP Connection(2)-127.0.0.1] INFO  o.s.j.e.a.AnnotationMBeanExporter - Unregistering JMX-exposed beans
23:02:17.082 febs [RMI TCP Connection(2)-127.0.0.1] INFO  o.s.s.c.ThreadPoolTaskExecutor - Shutting down ExecutorService 'taskExecutor'
23:02:17.087 febs [RMI TCP Connection(2)-127.0.0.1] INFO  c.alibaba.druid.pool.DruidDataSource - {dataSource-1} closed
