00:01:29.238 febs [asyncTaskExecutor-5] INFO  c.h.c.i.SqlStatementInterceptor - 【SQL语句Id】>>>> cn.hu.system.dao.LogMapper.insert
00:01:29.239 febs [asyncTaskExecutor-5] INFO  c.h.c.i.SqlStatementInterceptor - 【SQL语句耗时】>>>> 115 ms
00:01:29.240 febs [asyncTaskExecutor-5] INFO  c.h.c.i.SqlStatementInterceptor - 【SQL语句】>>>> INSERT INTO t_log ( ID,USERNAME,OPERATION,TIME,METHOD,PARAMS,IP,CREATE_TIME,LOCATION ) VALUES( 1350,'admin','访问系统',0,'cn.hu.system.controller.LoginController.index()','user: "User{userId=4, username='admin', password='13bfb9844ba36ac930ba142d8c3db629', deptId=5, deptName='null', email='googlebrain@163.com', mobile='17600313199', status='1', crateTime=Sun Jan 27 23:47:19 CST 2019, modifyTime=Sun Jan 27 23:55:12 CST 2019, lastLoginTime=Mon Jan 28 22:06:26 CST 2019, ssex='0', theme='green', avatar='20180414165855.jpg', description='天下为公', roleName='null'}"  org.springframework.validation.BindingResult.user: "org.springframework.validation.BeanPropertyBindingResult: 0 errors"','127.0.0.1','2019-1-29 0:01:29','内网IP|0|0|内网IP|内网IP' )
00:01:30.133 febs [http-nio-8080-exec-1] INFO  c.h.c.i.SqlStatementInterceptor - 【SQL语句Id】>>>> cn.hu.system.dao.MenuMapper.findUserMenus
00:01:30.134 febs [http-nio-8080-exec-1] INFO  c.h.c.i.SqlStatementInterceptor - 【SQL语句耗时】>>>> 61 ms
00:01:30.134 febs [http-nio-8080-exec-1] INFO  c.h.c.i.SqlStatementInterceptor - 【SQL语句】>>>> select m.* from t_menu m where m.type <> 1 and m.MENU_ID in (select distinct rm.menu_id from t_role_menu rm left join t_role r on(rm.role_id = r.role_id) left join t_user_role ur on(ur.role_id = r.role_id) left join t_user u on (u.user_id = ur.user_id) where u.username = 'admin') order by m.create_time
00:01:33.899 febs [http-nio-8080-exec-4] INFO  c.h.c.i.SqlStatementInterceptor - 【SQL语句Id】>>>> cn.hu.system.dao.DeptMapper.selectByExample
00:01:33.899 febs [http-nio-8080-exec-4] INFO  c.h.c.i.SqlStatementInterceptor - 【SQL语句耗时】>>>> 56 ms
00:01:33.899 febs [http-nio-8080-exec-4] INFO  c.h.c.i.SqlStatementInterceptor - 【SQL语句】>>>> SELECT DEPT_ID,PARENT_ID,DEPT_NAME,ORDER_NUM,CREATE_TIME FROM t_dept order by dept_id
00:01:34.021 febs [http-nio-8080-exec-5] INFO  c.h.c.i.SqlStatementInterceptor - 【SQL语句Id】>>>> cn.hu.system.dao.RoleMapper.selectByExample_COUNT
00:01:34.021 febs [http-nio-8080-exec-5] INFO  c.h.c.i.SqlStatementInterceptor - 【SQL语句耗时】>>>> 57 ms
00:01:34.021 febs [http-nio-8080-exec-5] INFO  c.h.c.i.SqlStatementInterceptor - 【SQL语句】>>>> SELECT ROLE_ID,ROLE_NAME,REMARK,CREATE_TIME,MODIFY_TIME FROM t_role order by create_time
00:01:34.077 febs [http-nio-8080-exec-5] INFO  c.h.c.i.SqlStatementInterceptor - 【SQL语句Id】>>>> cn.hu.system.dao.RoleMapper.selectByExample
00:01:34.077 febs [http-nio-8080-exec-5] INFO  c.h.c.i.SqlStatementInterceptor - 【SQL语句耗时】>>>> 56 ms
00:01:34.077 febs [http-nio-8080-exec-5] INFO  c.h.c.i.SqlStatementInterceptor - 【SQL语句】>>>> SELECT ROLE_ID,ROLE_NAME,REMARK,CREATE_TIME,MODIFY_TIME FROM t_role order by create_time
00:01:34.338 febs [asyncTaskExecutor-1] INFO  c.h.c.i.SqlStatementInterceptor - 【SQL语句Id】>>>> cn.hu.system.dao.LogMapper.insert
00:01:34.338 febs [asyncTaskExecutor-1] INFO  c.h.c.i.SqlStatementInterceptor - 【SQL语句耗时】>>>> 116 ms
00:01:34.338 febs [asyncTaskExecutor-1] INFO  c.h.c.i.SqlStatementInterceptor - 【SQL语句】>>>> INSERT INTO t_log ( ID,USERNAME,OPERATION,TIME,METHOD,PARAMS,IP,CREATE_TIME,LOCATION ) VALUES( 1351,'admin','获取用户信息',110,'cn.hu.system.controller.FrontUserController.userList()','request: "QueryRequest{pageSize=10, pageNum=1}"  user: "User{userId=null, username='', password='null', deptId=null, deptName='null', email='null', mobile='null', status='', crateTime=null, modifyTime=null, lastLoginTime=null, ssex='', theme='null', avatar='null', description='null', roleName='null'}"','127.0.0.1','2019-1-29 0:01:34','内网IP|0|0|内网IP|内网IP' )
00:01:40.411 febs [http-nio-8080-exec-10] INFO  c.h.c.i.SqlStatementInterceptor - 【SQL语句Id】>>>> cn.hu.system.dao.DeptMapper.selectByExample
00:01:40.411 febs [http-nio-8080-exec-10] INFO  c.h.c.i.SqlStatementInterceptor - 【SQL语句耗时】>>>> 56 ms
00:01:40.411 febs [http-nio-8080-exec-10] INFO  c.h.c.i.SqlStatementInterceptor - 【SQL语句】>>>> SELECT DEPT_ID,PARENT_ID,DEPT_NAME,ORDER_NUM,CREATE_TIME FROM t_dept order by dept_id
00:01:40.523 febs [http-nio-8080-exec-9] INFO  c.h.c.i.SqlStatementInterceptor - 【SQL语句Id】>>>> cn.hu.system.dao.RoleMapper.selectByExample_COUNT
00:01:40.523 febs [http-nio-8080-exec-9] INFO  c.h.c.i.SqlStatementInterceptor - 【SQL语句耗时】>>>> 55 ms
00:01:40.523 febs [http-nio-8080-exec-9] INFO  c.h.c.i.SqlStatementInterceptor - 【SQL语句】>>>> SELECT ROLE_ID,ROLE_NAME,REMARK,CREATE_TIME,MODIFY_TIME FROM t_role order by create_time
00:01:40.581 febs [http-nio-8080-exec-9] INFO  c.h.c.i.SqlStatementInterceptor - 【SQL语句Id】>>>> cn.hu.system.dao.RoleMapper.selectByExample
00:01:40.581 febs [http-nio-8080-exec-9] INFO  c.h.c.i.SqlStatementInterceptor - 【SQL语句耗时】>>>> 58 ms
00:01:40.581 febs [http-nio-8080-exec-9] INFO  c.h.c.i.SqlStatementInterceptor - 【SQL语句】>>>> SELECT ROLE_ID,ROLE_NAME,REMARK,CREATE_TIME,MODIFY_TIME FROM t_role order by create_time
00:01:40.824 febs [asyncTaskExecutor-2] INFO  c.h.c.i.SqlStatementInterceptor - 【SQL语句Id】>>>> cn.hu.system.dao.LogMapper.insert
00:01:40.824 febs [asyncTaskExecutor-2] INFO  c.h.c.i.SqlStatementInterceptor - 【SQL语句耗时】>>>> 116 ms
00:01:40.824 febs [asyncTaskExecutor-2] INFO  c.h.c.i.SqlStatementInterceptor - 【SQL语句】>>>> INSERT INTO t_log ( ID,USERNAME,OPERATION,TIME,METHOD,PARAMS,IP,CREATE_TIME,LOCATION ) VALUES( 1352,'admin','获取用户信息',55,'cn.hu.system.controller.BackUserController.userList()','request: "QueryRequest{pageSize=10, pageNum=1}"  user: "User{userId=null, username='', password='null', deptId=null, deptName='null', email='null', mobile='null', status='', crateTime=null, modifyTime=null, lastLoginTime=null, ssex='', theme='null', avatar='null', description='null', roleName='null'}"','127.0.0.1','2019-1-29 0:01:40','内网IP|0|0|内网IP|内网IP' )
00:01:42.827 febs [http-nio-8080-exec-8] INFO  c.h.c.i.SqlStatementInterceptor - 【SQL语句Id】>>>> cn.hu.system.dao.DeptMapper.selectByExample
00:01:42.827 febs [http-nio-8080-exec-8] INFO  c.h.c.i.SqlStatementInterceptor - 【SQL语句耗时】>>>> 57 ms
00:01:42.827 febs [http-nio-8080-exec-8] INFO  c.h.c.i.SqlStatementInterceptor - 【SQL语句】>>>> SELECT DEPT_ID,PARENT_ID,DEPT_NAME,ORDER_NUM,CREATE_TIME FROM t_dept order by dept_id
00:01:42.951 febs [http-nio-8080-exec-3] INFO  c.h.c.i.SqlStatementInterceptor - 【SQL语句Id】>>>> cn.hu.system.dao.RoleMapper.selectByExample_COUNT
00:01:42.951 febs [http-nio-8080-exec-3] INFO  c.h.c.i.SqlStatementInterceptor - 【SQL语句耗时】>>>> 57 ms
00:01:42.951 febs [http-nio-8080-exec-3] INFO  c.h.c.i.SqlStatementInterceptor - 【SQL语句】>>>> SELECT ROLE_ID,ROLE_NAME,REMARK,CREATE_TIME,MODIFY_TIME FROM t_role order by create_time
00:01:43.007 febs [http-nio-8080-exec-3] INFO  c.h.c.i.SqlStatementInterceptor - 【SQL语句Id】>>>> cn.hu.system.dao.RoleMapper.selectByExample
00:01:43.007 febs [http-nio-8080-exec-3] INFO  c.h.c.i.SqlStatementInterceptor - 【SQL语句耗时】>>>> 56 ms
00:01:43.007 febs [http-nio-8080-exec-3] INFO  c.h.c.i.SqlStatementInterceptor - 【SQL语句】>>>> SELECT ROLE_ID,ROLE_NAME,REMARK,CREATE_TIME,MODIFY_TIME FROM t_role order by create_time
00:01:43.203 febs [asyncTaskExecutor-3] INFO  c.h.c.i.SqlStatementInterceptor - 【SQL语句Id】>>>> cn.hu.system.dao.LogMapper.insert
00:01:43.203 febs [asyncTaskExecutor-3] INFO  c.h.c.i.SqlStatementInterceptor - 【SQL语句耗时】>>>> 115 ms
00:01:43.203 febs [asyncTaskExecutor-3] INFO  c.h.c.i.SqlStatementInterceptor - 【SQL语句】>>>> INSERT INTO t_log ( ID,USERNAME,OPERATION,TIME,METHOD,PARAMS,IP,CREATE_TIME,LOCATION ) VALUES( 1353,'admin','获取用户信息',54,'cn.hu.system.controller.BackUserController.userList()','request: "QueryRequest{pageSize=10, pageNum=1}"  user: "User{userId=null, username='', password='null', deptId=null, deptName='null', email='null', mobile='null', status='', crateTime=null, modifyTime=null, lastLoginTime=null, ssex='null', theme='null', avatar='null', description='null', roleName='null'}"','127.0.0.1','2019-1-29 0:01:43','内网IP|0|0|内网IP|内网IP' )
00:01:50.975 febs [http-nio-8080-exec-1] INFO  c.h.c.i.SqlStatementInterceptor - 【SQL语句Id】>>>> cn.hu.system.dao.DeptMapper.selectByExample
00:01:50.975 febs [http-nio-8080-exec-1] INFO  c.h.c.i.SqlStatementInterceptor - 【SQL语句耗时】>>>> 55 ms
00:01:50.975 febs [http-nio-8080-exec-1] INFO  c.h.c.i.SqlStatementInterceptor - 【SQL语句】>>>> SELECT DEPT_ID,PARENT_ID,DEPT_NAME,ORDER_NUM,CREATE_TIME FROM t_dept order by dept_id
00:01:51.094 febs [http-nio-8080-exec-7] INFO  c.h.c.i.SqlStatementInterceptor - 【SQL语句Id】>>>> cn.hu.system.dao.RoleMapper.selectByExample_COUNT
00:01:51.094 febs [http-nio-8080-exec-7] INFO  c.h.c.i.SqlStatementInterceptor - 【SQL语句耗时】>>>> 55 ms
00:01:51.094 febs [http-nio-8080-exec-7] INFO  c.h.c.i.SqlStatementInterceptor - 【SQL语句】>>>> SELECT ROLE_ID,ROLE_NAME,REMARK,CREATE_TIME,MODIFY_TIME FROM t_role order by create_time
00:01:51.152 febs [http-nio-8080-exec-7] INFO  c.h.c.i.SqlStatementInterceptor - 【SQL语句Id】>>>> cn.hu.system.dao.RoleMapper.selectByExample
00:01:51.152 febs [http-nio-8080-exec-7] INFO  c.h.c.i.SqlStatementInterceptor - 【SQL语句耗时】>>>> 57 ms
00:01:51.152 febs [http-nio-8080-exec-7] INFO  c.h.c.i.SqlStatementInterceptor - 【SQL语句】>>>> SELECT ROLE_ID,ROLE_NAME,REMARK,CREATE_TIME,MODIFY_TIME FROM t_role order by create_time
00:01:51.406 febs [asyncTaskExecutor-4] INFO  c.h.c.i.SqlStatementInterceptor - 【SQL语句Id】>>>> cn.hu.system.dao.LogMapper.insert
00:01:51.406 febs [asyncTaskExecutor-4] INFO  c.h.c.i.SqlStatementInterceptor - 【SQL语句耗时】>>>> 121 ms
00:01:51.406 febs [asyncTaskExecutor-4] INFO  c.h.c.i.SqlStatementInterceptor - 【SQL语句】>>>> INSERT INTO t_log ( ID,USERNAME,OPERATION,TIME,METHOD,PARAMS,IP,CREATE_TIME,LOCATION ) VALUES( 1354,'admin','获取用户信息',55,'cn.hu.system.controller.BackUserController.userList()','request: "QueryRequest{pageSize=10, pageNum=1}"  user: "User{userId=null, username='', password='null', deptId=null, deptName='null', email='null', mobile='null', status='', crateTime=null, modifyTime=null, lastLoginTime=null, ssex='', theme='null', avatar='null', description='null', roleName='null'}"','127.0.0.1','2019-1-29 0:01:51','内网IP|0|0|内网IP|内网IP' )
00:01:53.299 febs [http-nio-8080-exec-5] INFO  c.h.c.i.SqlStatementInterceptor - 【SQL语句Id】>>>> cn.hu.system.dao.DeptMapper.selectByExample
00:01:53.299 febs [http-nio-8080-exec-5] INFO  c.h.c.i.SqlStatementInterceptor - 【SQL语句耗时】>>>> 58 ms
00:01:53.299 febs [http-nio-8080-exec-5] INFO  c.h.c.i.SqlStatementInterceptor - 【SQL语句】>>>> SELECT DEPT_ID,PARENT_ID,DEPT_NAME,ORDER_NUM,CREATE_TIME FROM t_dept order by dept_id
00:01:53.419 febs [http-nio-8080-exec-4] INFO  c.h.c.i.SqlStatementInterceptor - 【SQL语句Id】>>>> cn.hu.system.dao.RoleMapper.selectByExample_COUNT
00:01:53.419 febs [http-nio-8080-exec-4] INFO  c.h.c.i.SqlStatementInterceptor - 【SQL语句耗时】>>>> 57 ms
00:01:53.419 febs [http-nio-8080-exec-4] INFO  c.h.c.i.SqlStatementInterceptor - 【SQL语句】>>>> SELECT ROLE_ID,ROLE_NAME,REMARK,CREATE_TIME,MODIFY_TIME FROM t_role order by create_time
00:01:53.477 febs [http-nio-8080-exec-4] INFO  c.h.c.i.SqlStatementInterceptor - 【SQL语句Id】>>>> cn.hu.system.dao.RoleMapper.selectByExample
00:01:53.477 febs [http-nio-8080-exec-4] INFO  c.h.c.i.SqlStatementInterceptor - 【SQL语句耗时】>>>> 57 ms
00:01:53.477 febs [http-nio-8080-exec-4] INFO  c.h.c.i.SqlStatementInterceptor - 【SQL语句】>>>> SELECT ROLE_ID,ROLE_NAME,REMARK,CREATE_TIME,MODIFY_TIME FROM t_role order by create_time
00:01:53.673 febs [asyncTaskExecutor-5] INFO  c.h.c.i.SqlStatementInterceptor - 【SQL语句Id】>>>> cn.hu.system.dao.LogMapper.insert
00:01:53.673 febs [asyncTaskExecutor-5] INFO  c.h.c.i.SqlStatementInterceptor - 【SQL语句耗时】>>>> 115 ms
00:01:53.673 febs [asyncTaskExecutor-5] INFO  c.h.c.i.SqlStatementInterceptor - 【SQL语句】>>>> INSERT INTO t_log ( ID,USERNAME,OPERATION,TIME,METHOD,PARAMS,IP,CREATE_TIME,LOCATION ) VALUES( 1355,'admin','获取用户信息',55,'cn.hu.system.controller.FrontUserController.userList()','request: "QueryRequest{pageSize=10, pageNum=1}"  user: "User{userId=null, username='', password='null', deptId=null, deptName='null', email='null', mobile='null', status='', crateTime=null, modifyTime=null, lastLoginTime=null, ssex='', theme='null', avatar='null', description='null', roleName='null'}"','127.0.0.1','2019-1-29 0:01:53','内网IP|0|0|内网IP|内网IP' )
00:04:34.952 febs [http-nio-8080-exec-2] INFO  c.h.c.i.SqlStatementInterceptor - 【SQL语句Id】>>>> cn.hu.system.dao.DeptMapper.selectByExample
00:04:34.952 febs [http-nio-8080-exec-2] INFO  c.h.c.i.SqlStatementInterceptor - 【SQL语句耗时】>>>> 56 ms
00:04:34.952 febs [http-nio-8080-exec-2] INFO  c.h.c.i.SqlStatementInterceptor - 【SQL语句】>>>> SELECT DEPT_ID,PARENT_ID,DEPT_NAME,ORDER_NUM,CREATE_TIME FROM t_dept order by dept_id
00:04:35.027 febs [http-nio-8080-exec-4] INFO  c.h.c.i.SqlStatementInterceptor - 【SQL语句Id】>>>> cn.hu.system.dao.RoleMapper.selectByExample_COUNT
00:04:35.027 febs [http-nio-8080-exec-4] INFO  c.h.c.i.SqlStatementInterceptor - 【SQL语句耗时】>>>> 108 ms
00:04:35.027 febs [http-nio-8080-exec-4] INFO  c.h.c.i.SqlStatementInterceptor - 【SQL语句】>>>> SELECT ROLE_ID,ROLE_NAME,REMARK,CREATE_TIME,MODIFY_TIME FROM t_role order by create_time
00:04:35.084 febs [http-nio-8080-exec-4] INFO  c.h.c.i.SqlStatementInterceptor - 【SQL语句Id】>>>> cn.hu.system.dao.RoleMapper.selectByExample
00:04:35.084 febs [http-nio-8080-exec-4] INFO  c.h.c.i.SqlStatementInterceptor - 【SQL语句耗时】>>>> 56 ms
00:04:35.084 febs [http-nio-8080-exec-4] INFO  c.h.c.i.SqlStatementInterceptor - 【SQL语句】>>>> SELECT ROLE_ID,ROLE_NAME,REMARK,CREATE_TIME,MODIFY_TIME FROM t_role order by create_time
00:04:35.359 febs [asyncTaskExecutor-1] INFO  c.h.c.i.SqlStatementInterceptor - 【SQL语句Id】>>>> cn.hu.system.dao.LogMapper.insert
00:04:35.359 febs [asyncTaskExecutor-1] INFO  c.h.c.i.SqlStatementInterceptor - 【SQL语句耗时】>>>> 115 ms
00:04:35.359 febs [asyncTaskExecutor-1] INFO  c.h.c.i.SqlStatementInterceptor - 【SQL语句】>>>> INSERT INTO t_log ( ID,USERNAME,OPERATION,TIME,METHOD,PARAMS,IP,CREATE_TIME,LOCATION ) VALUES( 1356,'admin','获取用户信息',94,'cn.hu.system.controller.BackUserController.userList()','request: "QueryRequest{pageSize=10, pageNum=1}"  user: "User{userId=null, username='', password='null', deptId=null, deptName='null', email='null', mobile='null', status='', crateTime=null, modifyTime=null, lastLoginTime=null, ssex='null', theme='null', avatar='null', description='null', roleName='null'}"','127.0.0.1','2019-1-29 0:04:35','内网IP|0|0|内网IP|内网IP' )
00:04:39.586 febs [http-nio-8080-exec-5] INFO  c.h.c.i.SqlStatementInterceptor - 【SQL语句Id】>>>> cn.hu.system.dao.DeptMapper.selectByExample
00:04:39.586 febs [http-nio-8080-exec-5] INFO  c.h.c.i.SqlStatementInterceptor - 【SQL语句耗时】>>>> 112 ms
00:04:39.586 febs [http-nio-8080-exec-5] INFO  c.h.c.i.SqlStatementInterceptor - 【SQL语句】>>>> SELECT DEPT_ID,PARENT_ID,DEPT_NAME,ORDER_NUM,CREATE_TIME FROM t_dept order by dept_id
00:04:39.644 febs [http-nio-8080-exec-9] INFO  c.h.c.i.SqlStatementInterceptor - 【SQL语句Id】>>>> cn.hu.system.dao.RoleMapper.selectByExample_COUNT
00:04:39.644 febs [http-nio-8080-exec-9] INFO  c.h.c.i.SqlStatementInterceptor - 【SQL语句耗时】>>>> 55 ms
00:04:39.644 febs [http-nio-8080-exec-9] INFO  c.h.c.i.SqlStatementInterceptor - 【SQL语句】>>>> SELECT ROLE_ID,ROLE_NAME,REMARK,CREATE_TIME,MODIFY_TIME FROM t_role order by create_time
00:04:39.701 febs [http-nio-8080-exec-9] INFO  c.h.c.i.SqlStatementInterceptor - 【SQL语句Id】>>>> cn.hu.system.dao.RoleMapper.selectByExample
00:04:39.701 febs [http-nio-8080-exec-9] INFO  c.h.c.i.SqlStatementInterceptor - 【SQL语句耗时】>>>> 57 ms
00:04:39.701 febs [http-nio-8080-exec-9] INFO  c.h.c.i.SqlStatementInterceptor - 【SQL语句】>>>> SELECT ROLE_ID,ROLE_NAME,REMARK,CREATE_TIME,MODIFY_TIME FROM t_role order by create_time
00:04:39.947 febs [asyncTaskExecutor-2] INFO  c.h.c.i.SqlStatementInterceptor - 【SQL语句Id】>>>> cn.hu.system.dao.LogMapper.insert
00:04:39.947 febs [asyncTaskExecutor-2] INFO  c.h.c.i.SqlStatementInterceptor - 【SQL语句耗时】>>>> 114 ms
00:04:39.947 febs [asyncTaskExecutor-2] INFO  c.h.c.i.SqlStatementInterceptor - 【SQL语句】>>>> INSERT INTO t_log ( ID,USERNAME,OPERATION,TIME,METHOD,PARAMS,IP,CREATE_TIME,LOCATION ) VALUES( 1357,'admin','获取用户信息',48,'cn.hu.system.controller.BackUserController.userList()','request: "QueryRequest{pageSize=10, pageNum=1}"  user: "User{userId=null, username='', password='null', deptId=null, deptName='null', email='null', mobile='null', status='', crateTime=null, modifyTime=null, lastLoginTime=null, ssex='', theme='null', avatar='null', description='null', roleName='null'}"','127.0.0.1','2019-1-29 0:04:39','内网IP|0|0|内网IP|内网IP' )
00:04:43.973 febs [asyncTaskExecutor-3] INFO  c.h.c.i.SqlStatementInterceptor - 【SQL语句Id】>>>> cn.hu.system.dao.LogMapper.insert
00:04:43.973 febs [asyncTaskExecutor-3] INFO  c.h.c.i.SqlStatementInterceptor - 【SQL语句耗时】>>>> 114 ms
00:04:43.973 febs [asyncTaskExecutor-3] INFO  c.h.c.i.SqlStatementInterceptor - 【SQL语句】>>>> INSERT INTO t_log ( ID,USERNAME,OPERATION,TIME,METHOD,PARAMS,IP,CREATE_TIME,LOCATION ) VALUES( 1358,'admin','获取用户信息',49,'cn.hu.system.controller.BackUserController.userList()','request: "QueryRequest{pageSize=10, pageNum=1}"  user: "User{userId=null, username='', password='null', deptId=null, deptName='null', email='null', mobile='null', status='', crateTime=null, modifyTime=null, lastLoginTime=null, ssex='', theme='null', avatar='null', description='null', roleName='null'}"','127.0.0.1','2019-1-29 0:04:43','内网IP|0|0|内网IP|内网IP' )
00:04:47.423 febs [http-nio-8080-exec-3] INFO  c.h.c.i.SqlStatementInterceptor - 【SQL语句Id】>>>> cn.hu.system.dao.DeptMapper.selectByExample
00:04:47.423 febs [http-nio-8080-exec-3] INFO  c.h.c.i.SqlStatementInterceptor - 【SQL语句耗时】>>>> 56 ms
00:04:47.423 febs [http-nio-8080-exec-3] INFO  c.h.c.i.SqlStatementInterceptor - 【SQL语句】>>>> SELECT DEPT_ID,PARENT_ID,DEPT_NAME,ORDER_NUM,CREATE_TIME FROM t_dept order by dept_id
00:04:47.536 febs [http-nio-8080-exec-10] INFO  c.h.c.i.SqlStatementInterceptor - 【SQL语句Id】>>>> cn.hu.system.dao.RoleMapper.selectByExample_COUNT
00:04:47.536 febs [http-nio-8080-exec-10] INFO  c.h.c.i.SqlStatementInterceptor - 【SQL语句耗时】>>>> 57 ms
00:04:47.536 febs [http-nio-8080-exec-10] INFO  c.h.c.i.SqlStatementInterceptor - 【SQL语句】>>>> SELECT ROLE_ID,ROLE_NAME,REMARK,CREATE_TIME,MODIFY_TIME FROM t_role order by create_time
00:04:47.591 febs [http-nio-8080-exec-10] INFO  c.h.c.i.SqlStatementInterceptor - 【SQL语句Id】>>>> cn.hu.system.dao.RoleMapper.selectByExample
00:04:47.591 febs [http-nio-8080-exec-10] INFO  c.h.c.i.SqlStatementInterceptor - 【SQL语句耗时】>>>> 54 ms
00:04:47.591 febs [http-nio-8080-exec-10] INFO  c.h.c.i.SqlStatementInterceptor - 【SQL语句】>>>> SELECT ROLE_ID,ROLE_NAME,REMARK,CREATE_TIME,MODIFY_TIME FROM t_role order by create_time
00:04:47.788 febs [asyncTaskExecutor-4] INFO  c.h.c.i.SqlStatementInterceptor - 【SQL语句Id】>>>> cn.hu.system.dao.LogMapper.insert
00:04:47.788 febs [asyncTaskExecutor-4] INFO  c.h.c.i.SqlStatementInterceptor - 【SQL语句耗时】>>>> 113 ms
00:04:47.788 febs [asyncTaskExecutor-4] INFO  c.h.c.i.SqlStatementInterceptor - 【SQL语句】>>>> INSERT INTO t_log ( ID,USERNAME,OPERATION,TIME,METHOD,PARAMS,IP,CREATE_TIME,LOCATION ) VALUES( 1359,'admin','获取用户信息',47,'cn.hu.system.controller.BackUserController.userList()','request: "QueryRequest{pageSize=10, pageNum=1}"  user: "User{userId=null, username='', password='null', deptId=null, deptName='null', email='null', mobile='null', status='', crateTime=null, modifyTime=null, lastLoginTime=null, ssex='null', theme='null', avatar='null', description='null', roleName='null'}"','127.0.0.1','2019-1-29 0:04:47','内网IP|0|0|内网IP|内网IP' )
00:04:50.306 febs [http-nio-8080-exec-4] INFO  c.h.c.i.SqlStatementInterceptor - 【SQL语句Id】>>>> cn.hu.system.dao.DeptMapper.selectByExample
00:04:50.306 febs [http-nio-8080-exec-4] INFO  c.h.c.i.SqlStatementInterceptor - 【SQL语句耗时】>>>> 56 ms
00:04:50.306 febs [http-nio-8080-exec-4] INFO  c.h.c.i.SqlStatementInterceptor - 【SQL语句】>>>> SELECT DEPT_ID,PARENT_ID,DEPT_NAME,ORDER_NUM,CREATE_TIME FROM t_dept order by dept_id
00:04:50.395 febs [http-nio-8080-exec-6] INFO  c.h.c.i.SqlStatementInterceptor - 【SQL语句Id】>>>> cn.hu.system.dao.RoleMapper.selectByExample_COUNT
00:04:50.395 febs [http-nio-8080-exec-6] INFO  c.h.c.i.SqlStatementInterceptor - 【SQL语句耗时】>>>> 55 ms
00:04:50.395 febs [http-nio-8080-exec-6] INFO  c.h.c.i.SqlStatementInterceptor - 【SQL语句】>>>> SELECT ROLE_ID,ROLE_NAME,REMARK,CREATE_TIME,MODIFY_TIME FROM t_role order by create_time
00:04:50.451 febs [http-nio-8080-exec-6] INFO  c.h.c.i.SqlStatementInterceptor - 【SQL语句Id】>>>> cn.hu.system.dao.RoleMapper.selectByExample
00:04:50.451 febs [http-nio-8080-exec-6] INFO  c.h.c.i.SqlStatementInterceptor - 【SQL语句耗时】>>>> 56 ms
00:04:50.451 febs [http-nio-8080-exec-6] INFO  c.h.c.i.SqlStatementInterceptor - 【SQL语句】>>>> SELECT ROLE_ID,ROLE_NAME,REMARK,CREATE_TIME,MODIFY_TIME FROM t_role order by create_time
00:04:50.710 febs [asyncTaskExecutor-5] INFO  c.h.c.i.SqlStatementInterceptor - 【SQL语句Id】>>>> cn.hu.system.dao.LogMapper.insert
00:04:50.710 febs [asyncTaskExecutor-5] INFO  c.h.c.i.SqlStatementInterceptor - 【SQL语句耗时】>>>> 117 ms
00:04:50.710 febs [asyncTaskExecutor-5] INFO  c.h.c.i.SqlStatementInterceptor - 【SQL语句】>>>> INSERT INTO t_log ( ID,USERNAME,OPERATION,TIME,METHOD,PARAMS,IP,CREATE_TIME,LOCATION ) VALUES( 1360,'admin','获取用户信息',49,'cn.hu.system.controller.BackUserController.userList()','request: "QueryRequest{pageSize=10, pageNum=1}"  user: "User{userId=null, username='', password='null', deptId=null, deptName='null', email='null', mobile='null', status='', crateTime=null, modifyTime=null, lastLoginTime=null, ssex='', theme='null', avatar='null', description='null', roleName='null'}"','127.0.0.1','2019-1-29 0:04:50','内网IP|0|0|内网IP|内网IP' )
00:05:19.131 febs [RMI TCP Connection(2)-127.0.0.1] INFO  o.s.b.a.SpringApplicationAdminMXBeanRegistrar$SpringApplicationAdmin - Application shutdown requested.
00:05:19.131 febs [RMI TCP Connection(2)-127.0.0.1] INFO  o.s.b.w.s.c.AnnotationConfigServletWebServerApplicationContext - Closing org.springframework.boot.web.servlet.context.AnnotationConfigServletWebServerApplicationContext@175b9425: startup date [Mon Jan 28 23:53:37 CST 2019]; root of context hierarchy
00:05:19.133 febs [RMI TCP Connection(2)-127.0.0.1] INFO  o.s.c.s.DefaultLifecycleProcessor - Stopping beans in phase 2147483647
00:05:19.134 febs [RMI TCP Connection(2)-127.0.0.1] INFO  org.quartz.core.QuartzScheduler - Scheduler MyScheduler_$_DESKTOP-4ODT2311548690823222 paused.
00:05:19.139 febs [RMI TCP Connection(2)-127.0.0.1] INFO  o.s.j.e.a.AnnotationMBeanExporter - Unregistering JMX-exposed beans on shutdown
00:05:19.141 febs [RMI TCP Connection(2)-127.0.0.1] INFO  o.s.j.e.a.AnnotationMBeanExporter - Unregistering JMX-exposed beans
00:05:19.142 febs [RMI TCP Connection(2)-127.0.0.1] INFO  o.s.s.c.ThreadPoolTaskExecutor - Shutting down ExecutorService 'taskExecutor'
00:05:19.143 febs [RMI TCP Connection(2)-127.0.0.1] INFO  o.s.s.quartz.SchedulerFactoryBean - Shutting down Quartz Scheduler
00:05:19.143 febs [RMI TCP Connection(2)-127.0.0.1] INFO  org.quartz.core.QuartzScheduler - Scheduler MyScheduler_$_DESKTOP-4ODT2311548690823222 shutting down.
00:05:19.143 febs [RMI TCP Connection(2)-127.0.0.1] INFO  org.quartz.core.QuartzScheduler - Scheduler MyScheduler_$_DESKTOP-4ODT2311548690823222 paused.
00:05:19.144 febs [RMI TCP Connection(2)-127.0.0.1] INFO  org.quartz.core.QuartzScheduler - Scheduler MyScheduler_$_DESKTOP-4ODT2311548690823222 shutdown complete.
00:05:19.194 febs [RMI TCP Connection(2)-127.0.0.1] INFO  c.alibaba.druid.pool.DruidDataSource - {dataSource-1} closed
